Report Physical info: 
------------------------+--------------+-----------+------------
                        |              |Area (squm)|Leakage (uW)
------------------------+--------------+-----------+------------
Design Name             |CarrySkipAdder|           |            
  Total Instances       |           172|        215|       4.967
    Macros              |             0|          0|       0.000
    Pads                |             0|          0|       0.000
    Phys                |             0|          0|       0.000
    Blackboxes          |             0|          0|       0.000
    Cells               |           172|        215|       4.967
      Buffers           |             0|          0|       0.000
      Inverters         |            40|         21|       0.574
      Clock-Gates       |             0|          0|       0.000
      Combinational     |           132|        194|       4.392
      Latches           |             0|          0|       0.000
      FlipFlops         |             0|          0|       0.000
       Single-Bit FF    |             0|          0|       0.000
       Multi-Bit FF     |             0|          0|       0.000
       Clock-Gated      |             0|           |            
       Bits             |             0|          0|       0.000
         Load-Enabled   |             0|           |            
         Clock-Gated    |             0|           |            
  Tristate Pin Count    |             0|           |            
Physical Info           |Placed        |           |            
  Chip Size (mm x mm)   |0.079 x 0.079 |       6232|            
  Fixed Cell Area       |              |          0|            
    Phys Only           |             0|          0|            
  Placeable Area        |              |        342|            
  Movable Cell Area     |              |        215|            
  Utilization (%)       |            62|           |            
  Chip Utilization (%)  |            62|           |            
  Total Wire Length (mm)|         4.030|           |            
  Longest Wire (mm)     |         0.043|           |            
  Average Wire (mm)     |         0.041|           |            
------------------------+--------------+-----------+------------
