Report for group default
Report for group I2R
Report for group I2O
------------------------------------------------------------------------------------------------------------------------------------------------------------
Startpoint: A[1]
    (Clocked by vsysclk R)
Endpoint: Overflow
    (Clocked by vsysclk R)
Path Group: I2O
Data required time: 19500.0
    (Clock shift: 20000.0, minus Uncertainty: 0.0, plus Latency 0.0, minus Out delay: 500.0)
Data arrival time: 3537.5
Slack: 15962.5
Logic depth: 75
------------------------------------------------------------------------------------------------------------------------------------------------------------
                                                     Arrival               Arc      Net               Net    Total   fan-                                   
Path                     Module/Cell           Edge     Time    Delay    Delay    Delay     Slew     Load     Load    out     Location Power Domain      (V)
                                                        (ps)     (ps)     (ps)     (ps)     (ps)     (ff)     (ff)    (#)      (um,um)                      
------------------------------------------------------------------------------------------------------------------------------------------------------------
A[1]                     {set_input_delay}        r   1000.0   1000.0   1000.0                        2.3      9.7      2     0,   38                       
genblk1_0_RCA/genblk1_1_F/i_0_0/A->Z
                         XOR2_X2                 rf   1034.6     34.4     34.4      0.0    100.0      0.6      7.9      2    40,   39  /PD_TOP        (1.10)
genblk1_0_RCA/genblk1_1_F/i_0_2/A1->ZN
                         AOI22_X4                fr   1095.7     61.1     61.1      0.0     14.5      0.3     25.8      1    40,   39  /PD_TOP        (1.10)
genblk1_0_RCA/genblk1_1_F/i_0_3/A->ZN
                         INV_X8                  rf   1104.0      8.3      8.3      0.0     50.3      0.6      8.3      2    40,   39  /PD_TOP        (1.10)
genblk1_0_RCA/genblk1_2_F/i_0_2/A2->ZN
                         AOI22_X4                fr   1166.0     62.0     62.0      0.0      3.9      0.3     25.8      1    40,   39  /PD_TOP        (1.10)
genblk1_0_RCA/genblk1_2_F/i_0_3/A->ZN
                         INV_X8                  rf   1174.3      8.3      8.3      0.0     50.3      0.6      8.3      2    40,   39  /PD_TOP        (1.10)
genblk1_0_RCA/genblk1_3_F/i_0_2/A2->ZN
                         AOI22_X4                fr   1236.3     62.0     62.0      0.0      3.9      0.3     25.8      1    40,   39  /PD_TOP        (1.10)
genblk1_0_RCA/genblk1_3_F/i_0_3/A->ZN
                         INV_X8                  rf   1246.8     10.5     10.5      0.0     50.3      1.0     12.6      3    40,   39  /PD_TOP        (1.10)
genblk1_4_RCA/genblk1_0_F/i_0_2/A2->ZN
                         AOI22_X4                fr   1308.9     62.1     62.1      0.0      4.4      0.3     25.8      1    40,   39  /PD_TOP        (1.10)
genblk1_4_RCA/genblk1_0_F/i_0_3/A->ZN
                         INV_X8                  rf   1317.2      8.3      8.3      0.0     50.3      0.6      8.3      2    40,   39  /PD_TOP        (1.10)
genblk1_4_RCA/genblk1_1_F/i_0_2/A2->ZN
                         AOI22_X4                fr   1379.2     62.2     62.0      0.2      3.9      0.3     25.8      1    40,   39  /PD_TOP        (1.10)
genblk1_4_RCA/genblk1_1_F/i_0_3/A->ZN
                         INV_X8                  rf   1387.5      8.5      8.3      0.2     50.3      0.6      8.3      2    40,   39  /PD_TOP        (1.10)
genblk1_4_RCA/genblk1_2_F/i_0_2/A2->ZN
                         AOI22_X4                fr   1449.5     62.0     62.0      0.0      3.9      0.3     25.8      1    40,   39  /PD_TOP        (1.10)
genblk1_4_RCA/genblk1_2_F/i_0_3/A->ZN
                         INV_X8                  rf   1457.8      8.3      8.3      0.0     50.3      0.6      8.3      2    40,   39  /PD_TOP        (1.10)
genblk1_4_RCA/genblk1_3_F/i_0_2/A2->ZN
                         AOI22_X4                fr   1519.8     62.0     62.0      0.0      3.9      0.3     25.8      1    40,   39  /PD_TOP        (1.10)
genblk1_4_RCA/genblk1_3_F/i_0_3/A->ZN
                         INV_X8                  rf   1535.6     15.8     15.8      0.0     50.3      0.2     25.7      1    40,   39  /PD_TOP        (1.10)
genblk2_4_Skip/i_0_6/A->ZN
                         INV_X8                  fr   1544.6      9.0      9.0      0.0      5.9      0.3      4.2      1    40,   39  /PD_TOP        (1.10)
genblk2_4_Skip/i_0_0/A->ZN
                         OAI21_X4                rf   1566.1     21.5     21.5      0.0      5.3      1.0     12.7      3    40,   39  /PD_TOP        (1.10)
genblk1_8_RCA/genblk1_0_F/i_0_2/A2->ZN
                         AOI22_X4                fr   1631.6     65.5     65.5      0.0     12.9      0.3     25.8      1    40,   39  /PD_TOP        (1.10)
genblk1_8_RCA/genblk1_0_F/i_0_3/A->ZN
                         INV_X8                  rf   1639.9      8.3      8.3      0.0     50.3      0.6      8.3      2    40,   39  /PD_TOP        (1.10)
genblk1_8_RCA/genblk1_1_F/i_0_2/A2->ZN
                         AOI22_X4                fr   1701.9     62.0     62.0      0.0      3.9      0.3     25.8      1    40,   39  /PD_TOP        (1.10)
genblk1_8_RCA/genblk1_1_F/i_0_3/A->ZN
                         INV_X8                  rf   1710.2      8.3      8.3      0.0     50.3      0.6      8.3      2    40,   39  /PD_TOP        (1.10)
genblk1_8_RCA/genblk1_2_F/i_0_2/A2->ZN
                         AOI22_X4                fr   1772.2     62.0     62.0      0.0      3.9      0.3     25.8      1    40,   39  /PD_TOP        (1.10)
genblk1_8_RCA/genblk1_2_F/i_0_3/A->ZN
                         INV_X8                  rf   1780.5      8.3      8.3      0.0     50.3      0.6      8.3      2    40,   39  /PD_TOP        (1.10)
genblk1_8_RCA/genblk1_3_F/i_0_2/A2->ZN
                         AOI22_X4                fr   1842.5     62.0     62.0      0.0      3.9      0.3     25.8      1    40,   39  /PD_TOP        (1.10)
genblk1_8_RCA/genblk1_3_F/i_0_3/A->ZN
                         INV_X8                  rf   1858.3     15.8     15.8      0.0     50.3      0.2     25.7      1    40,   39  /PD_TOP        (1.10)
genblk2_8_Skip/i_0_6/A->ZN
                         INV_X8                  fr   1867.3      9.0      9.0      0.0      5.9      0.3      4.2      1    40,   39  /PD_TOP        (1.10)
genblk2_8_Skip/i_0_0/A->ZN
                         OAI21_X4                rf   1888.8     21.5     21.5      0.0      5.3      1.0     12.7      3    40,   39  /PD_TOP        (1.10)
genblk1_12_RCA/genblk1_0_F/i_0_2/A2->ZN
                         AOI22_X4                fr   1954.3     65.5     65.5      0.0     12.9      0.3     25.8      1    40,   39  /PD_TOP        (1.10)
genblk1_12_RCA/genblk1_0_F/i_0_3/A->ZN
                         INV_X8                  rf   1962.6      8.3      8.3      0.0     50.3      0.6      8.3      2    40,   39  /PD_TOP        (1.10)
genblk1_12_RCA/genblk1_1_F/i_0_2/A2->ZN
                         AOI22_X4                fr   2024.6     62.0     62.0      0.0      3.9      0.3     25.8      1    40,   39  /PD_TOP        (1.10)
genblk1_12_RCA/genblk1_1_F/i_0_3/A->ZN
                         INV_X8                  rf   2032.9      8.3      8.3      0.0     50.3      0.6      8.3      2    40,   39  /PD_TOP        (1.10)
genblk1_12_RCA/genblk1_2_F/i_0_2/A2->ZN
                         AOI22_X4                fr   2094.9     62.0     62.0      0.0      3.9      0.3     25.8      1    40,   39  /PD_TOP        (1.10)
genblk1_12_RCA/genblk1_2_F/i_0_3/A->ZN
                         INV_X8                  rf   2103.2      8.3      8.3      0.0     50.3      0.6      8.3      2    40,   39  /PD_TOP        (1.10)
genblk1_12_RCA/genblk1_3_F/i_0_2/A2->ZN
                         AOI22_X4                fr   2165.2     62.0     62.0      0.0      3.9      0.3     25.8      1    40,   39  /PD_TOP        (1.10)
genblk1_12_RCA/genblk1_3_F/i_0_3/A->ZN
                         INV_X8                  rf   2181.0     15.8     15.8      0.0     50.3      0.2     25.7      1    40,   39  /PD_TOP        (1.10)
genblk2_12_Skip/i_0_6/A->ZN
                         INV_X8                  fr   2190.0      9.0      9.0      0.0      5.9      0.3      4.2      1    40,   39  /PD_TOP        (1.10)
genblk2_12_Skip/i_0_0/A->ZN
                         OAI21_X4                rf   2211.5     21.5     21.5      0.0      5.3      1.0     12.7      3    40,   39  /PD_TOP        (1.10)
genblk1_16_RCA/genblk1_0_F/i_0_2/A2->ZN
                         AOI22_X4                fr   2277.0     65.5     65.5      0.0     12.9      0.3     25.8      1    40,   39  /PD_TOP        (1.10)
genblk1_16_RCA/genblk1_0_F/i_0_3/A->ZN
                         INV_X8                  rf   2285.3      8.3      8.3      0.0     50.3      0.6      8.3      2    40,   39  /PD_TOP        (1.10)
genblk1_16_RCA/genblk1_1_F/i_0_2/A2->ZN
                         AOI22_X4                fr   2347.3     62.0     62.0      0.0      3.9      0.3     25.8      1    40,   39  /PD_TOP        (1.10)
genblk1_16_RCA/genblk1_1_F/i_0_3/A->ZN
                         INV_X8                  rf   2355.6      8.3      8.3      0.0     50.3      0.6      8.3      2    40,   39  /PD_TOP        (1.10)
genblk1_16_RCA/genblk1_2_F/i_0_2/A2->ZN
                         AOI22_X4                fr   2417.6     62.0     62.0      0.0      3.9      0.3     25.8      1    40,   39  /PD_TOP        (1.10)
genblk1_16_RCA/genblk1_2_F/i_0_3/A->ZN
                         INV_X8                  rf   2425.9      8.3      8.3      0.0     50.3      0.6      8.3      2    40,   39  /PD_TOP        (1.10)
genblk1_16_RCA/genblk1_3_F/i_0_2/A2->ZN
                         AOI22_X4                fr   2487.9     62.0     62.0      0.0      3.9      0.3     25.8      1    40,   39  /PD_TOP        (1.10)
genblk1_16_RCA/genblk1_3_F/i_0_3/A->ZN
                         INV_X8                  rf   2503.7     15.8     15.8      0.0     50.3      0.2     25.7      1    40,   39  /PD_TOP        (1.10)
genblk2_16_Skip/i_0_6/A->ZN
                         INV_X8                  fr   2512.7      9.0      9.0      0.0      5.9      0.3      4.2      1    40,   39  /PD_TOP        (1.10)
genblk2_16_Skip/i_0_0/A->ZN
                         OAI21_X4                rf   2534.2     21.5     21.5      0.0      5.3      1.0     12.7      3    40,   39  /PD_TOP        (1.10)
genblk1_20_RCA/genblk1_0_F/i_0_2/A2->ZN
                         AOI22_X4                fr   2599.7     65.5     65.5      0.0     12.9      0.3     25.8      1    40,   39  /PD_TOP        (1.10)
genblk1_20_RCA/genblk1_0_F/i_0_3/A->ZN
                         INV_X8                  rf   2608.0      8.3      8.3      0.0     50.3      0.6      8.3      2    40,   39  /PD_TOP        (1.10)
genblk1_20_RCA/genblk1_1_F/i_0_2/A2->ZN
                         AOI22_X4                fr   2670.0     62.0     62.0      0.0      3.9      0.3     25.8      1    40,   39  /PD_TOP        (1.10)
genblk1_20_RCA/genblk1_1_F/i_0_3/A->ZN
                         INV_X8                  rf   2678.3      8.3      8.3      0.0     50.3      0.6      8.3      2    40,   39  /PD_TOP        (1.10)
genblk1_20_RCA/genblk1_2_F/i_0_2/A2->ZN
                         AOI22_X4                fr   2740.3     62.0     62.0      0.0      3.9      0.3     25.8      1    40,   39  /PD_TOP        (1.10)
genblk1_20_RCA/genblk1_2_F/i_0_3/A->ZN
                         INV_X8                  rf   2748.6      8.3      8.3      0.0     50.3      0.6      8.3      2    40,   39  /PD_TOP        (1.10)
genblk1_20_RCA/genblk1_3_F/i_0_2/A2->ZN
                         AOI22_X4                fr   2810.6     62.0     62.0      0.0      3.9      0.3     25.8      1    40,   39  /PD_TOP        (1.10)
genblk1_20_RCA/genblk1_3_F/i_0_3/A->ZN
                         INV_X8                  rf   2826.4     15.8     15.8      0.0     50.3      0.2     25.7      1    40,   39  /PD_TOP        (1.10)
genblk2_20_Skip/i_0_6/A->ZN
                         INV_X8                  fr   2835.4      9.0      9.0      0.0      5.9      0.3      4.2      1    40,   39  /PD_TOP        (1.10)
genblk2_20_Skip/i_0_0/A->ZN
                         OAI21_X4                rf   2856.9     21.5     21.5      0.0      5.3      1.0     12.7      3    40,   39  /PD_TOP        (1.10)
genblk1_24_RCA/genblk1_0_F/i_0_2/A2->ZN
                         AOI22_X4                fr   2922.4     65.5     65.5      0.0     12.9      0.3     25.8      1    40,   39  /PD_TOP        (1.10)
genblk1_24_RCA/genblk1_0_F/i_0_3/A->ZN
                         INV_X8                  rf   2930.7      8.3      8.3      0.0     50.3      0.6      8.3      2    40,   39  /PD_TOP        (1.10)
genblk1_24_RCA/genblk1_1_F/i_0_2/A2->ZN
                         AOI22_X4                fr   2992.7     62.0     62.0      0.0      3.9      0.3     25.8      1    40,   39  /PD_TOP        (1.10)
genblk1_24_RCA/genblk1_1_F/i_0_3/A->ZN
                         INV_X8                  rf   3001.0      8.3      8.3      0.0     50.3      0.6      8.3      2    40,   39  /PD_TOP        (1.10)
genblk1_24_RCA/genblk1_2_F/i_0_2/A2->ZN
                         AOI22_X4                fr   3063.0     62.0     62.0      0.0      3.9      0.3     25.8      1    40,   39  /PD_TOP        (1.10)
genblk1_24_RCA/genblk1_2_F/i_0_3/A->ZN
                         INV_X8                  rf   3071.3      8.3      8.3      0.0     50.3      0.6      8.3      2    40,   39  /PD_TOP        (1.10)
genblk1_24_RCA/genblk1_3_F/i_0_2/A2->ZN
                         AOI22_X4                fr   3133.3     62.0     62.0      0.0      3.9      0.3     25.8      1    40,   39  /PD_TOP        (1.10)
genblk1_24_RCA/genblk1_3_F/i_0_3/A->ZN
                         INV_X8                  rf   3149.1     15.8     15.8      0.0     50.3      0.2     25.7      1    40,   39  /PD_TOP        (1.10)
genblk2_24_Skip/i_0_6/A->ZN
                         INV_X8                  fr   3158.1      9.0      9.0      0.0      5.9      0.3      4.2      1    40,   39  /PD_TOP        (1.10)
genblk2_24_Skip/i_0_0/A->ZN
                         OAI21_X4                rf   3177.2     19.1     19.1      0.0      5.3      0.6      8.3      2    40,   39  /PD_TOP        (1.10)
genblk1_28_RCA/genblk1_0_F/i_0_2/A2->ZN
                         AOI22_X4                fr   3242.0     64.8     64.8      0.0     11.1      0.3     25.8      1    40,   39  /PD_TOP        (1.10)
genblk1_28_RCA/genblk1_0_F/i_0_3/A->ZN
                         INV_X8                  rf   3250.3      8.3      8.3      0.0     50.3      0.6      8.3      2    40,   39  /PD_TOP        (1.10)
genblk1_28_RCA/genblk1_1_F/i_0_2/A2->ZN
                         AOI22_X4                fr   3312.3     62.0     62.0      0.0      3.9      0.3     25.8      1    40,   39  /PD_TOP        (1.10)
genblk1_28_RCA/genblk1_1_F/i_0_3/A->ZN
                         INV_X8                  rf   3320.6      8.3      8.3      0.0     50.3      0.6      8.3      2    40,   39  /PD_TOP        (1.10)
genblk1_28_RCA/genblk1_2_F/i_0_2/A2->ZN
                         AOI22_X4                fr   3382.6     62.0     62.0      0.0      3.9      0.3     25.8      1    40,   39  /PD_TOP        (1.10)
genblk1_28_RCA/genblk1_2_F/i_0_3/A->ZN
                         INV_X8                  rf   3390.9      8.3      8.3      0.0     50.3      0.6      8.3      2    40,   39  /PD_TOP        (1.10)
genblk1_28_RCA/genblk1_3_F/i_0_1/B->Z
                         XOR2_X2*                fr   3490.4     99.5     99.5      0.0      3.9      0.6     40.1      3    40,   39  /PD_TOP        (1.10)
i_0_0_0/A2->ZN           OAI33_X1                rf   3537.3     46.9     46.9      0.0     15.3      2.4     12.4      1    40,   39  /PD_TOP        (1.10)
Overflow                                          f   3537.5      0.2               0.2     33.9                             42,    0                       
------------------------------------------------------------------------------------------------------------------------------------------------------------
Report for group R2O
