Report Physical info: 
------------------------+--------------+-----------+------------
                        |              |Area (squm)|Leakage (uW)
------------------------+--------------+-----------+------------
Design Name             |CarrySaveAdder|           |            
  Total Instances       |           193|        246|       5.774
    Macros              |             0|          0|       0.000
    Pads                |             0|          0|       0.000
    Phys                |             0|          0|       0.000
    Blackboxes          |             0|          0|       0.000
    Cells               |           193|        246|       5.774
      Buffers           |             0|          0|       0.000
      Inverters         |            34|         18|       0.488
      Clock-Gates       |             0|          0|       0.000
      Combinational     |           159|        228|       5.286
      Latches           |             0|          0|       0.000
      FlipFlops         |             0|          0|       0.000
       Single-Bit FF    |             0|          0|       0.000
       Multi-Bit FF     |             0|          0|       0.000
       Clock-Gated      |             0|           |            
       Bits             |             0|          0|       0.000
         Load-Enabled   |             0|           |            
         Clock-Gated    |             0|           |            
  Tristate Pin Count    |             0|           |            
Physical Info           |Placed        |           |            
  Chip Size (mm x mm)   |0.080 x 0.080 |       6442|            
  Fixed Cell Area       |              |          0|            
    Phys Only           |             0|          0|            
  Placeable Area        |              |        395|            
  Movable Cell Area     |              |        246|            
  Utilization (%)       |            62|           |            
  Chip Utilization (%)  |            62|           |            
  Total Wire Length (mm)|         4.138|           |            
  Longest Wire (mm)     |         0.044|           |            
  Average Wire (mm)     |         0.042|           |            
------------------------+--------------+-----------+------------
