----+-------+------+-------+-----+-----+-----+-----+-----------+---------
     |Group  |Launch|Capture|Shift|Delay|Depth|Slack|Begin Point|End Point
-----+-------+------+-------+-----+-----+-----+-----+-----------+---------
1    |default|      |       |     |     |     |     |           |         
-----+-------+------+-------+-----+-----+-----+-----+-----------+---------
Report End Points: 
-----+-----+------+-------+-----+-----+-----+-----+-----------+---------
     |Group|Launch|Capture|Shift|Delay|Depth|Slack|Begin Point|End Point
-----+-----+------+-------+-----+-----+-----+-----+-----------+---------
1    |I2R  |      |       |     |     |     |     |           |         
-----+-----+------+-------+-----+-----+-----+-----+-----------+---------
Report End Points: 
-----+-----+-------+-------+-------+------+-----+-------+-----------+---------
     |Group|Launch |Capture|Shift  |Delay |Depth|Slack  |Begin Point|End Point
-----+-----+-------+-------+-------+------+-----+-------+-----------+---------
1    |I2O  |vsysclk|vsysclk|20000.0|2314.8|   64|16185.2|A[0]       |Overflow 
2    |I2O  |vsysclk|vsysclk|20000.0|2262.8|   65|16237.2|A[0]       |Cout     
3    |I2O  |vsysclk|vsysclk|20000.0|2250.0|   63|16250.0|A[0]       |Sum[31]  
4    |I2O  |vsysclk|vsysclk|20000.0|2161.1|   61|16338.9|A[0]       |Sum[30]  
5    |I2O  |vsysclk|vsysclk|20000.0|2090.8|   59|16409.2|A[0]       |Sum[29]  
6    |I2O  |vsysclk|vsysclk|20000.0|2020.5|   57|16479.5|A[0]       |Sum[28]  
7    |I2O  |vsysclk|vsysclk|20000.0|1950.2|   55|16549.8|A[0]       |Sum[27]  
8    |I2O  |vsysclk|vsysclk|20000.0|1879.9|   53|16620.1|A[0]       |Sum[26]  
9    |I2O  |vsysclk|vsysclk|20000.0|1809.6|   51|16690.4|A[0]       |Sum[25]  
10   |I2O  |vsysclk|vsysclk|20000.0|1739.3|   49|16760.7|A[0]       |Sum[24]  
11   |I2O  |vsysclk|vsysclk|20000.0|1669.0|   47|16831.0|A[0]       |Sum[23]  
12   |I2O  |vsysclk|vsysclk|20000.0|1598.7|   45|16901.3|A[0]       |Sum[22]  
13   |I2O  |vsysclk|vsysclk|20000.0|1528.4|   43|16971.6|A[0]       |Sum[21]  
14   |I2O  |vsysclk|vsysclk|20000.0|1458.1|   41|17041.9|A[0]       |Sum[20]  
15   |I2O  |vsysclk|vsysclk|20000.0|1387.8|   39|17112.2|A[0]       |Sum[19]  
16   |I2O  |vsysclk|vsysclk|20000.0|1317.5|   37|17182.5|A[0]       |Sum[18]  
17   |I2O  |vsysclk|vsysclk|20000.0|1247.2|   35|17252.8|A[0]       |Sum[17]  
18   |I2O  |vsysclk|vsysclk|20000.0|1176.9|   33|17323.1|A[0]       |Sum[16]  
19   |I2O  |vsysclk|vsysclk|20000.0|1106.6|   31|17393.4|A[0]       |Sum[15]  
20   |I2O  |vsysclk|vsysclk|20000.0|1036.3|   29|17463.7|A[0]       |Sum[14]  
21   |I2O  |vsysclk|vsysclk|20000.0| 966.0|   27|17534.0|A[0]       |Sum[13]  
22   |I2O  |vsysclk|vsysclk|20000.0| 895.7|   25|17604.3|A[0]       |Sum[12]  
23   |I2O  |vsysclk|vsysclk|20000.0| 825.4|   23|17674.6|A[0]       |Sum[11]  
24   |I2O  |vsysclk|vsysclk|20000.0| 755.1|   21|17744.9|A[0]       |Sum[10]  
25   |I2O  |vsysclk|vsysclk|20000.0| 684.8|   19|17815.2|A[0]       |Sum[9]   
26   |I2O  |vsysclk|vsysclk|20000.0| 614.4|   17|17885.6|A[0]       |Sum[8]   
27   |I2O  |vsysclk|vsysclk|20000.0| 544.2|   15|17955.8|A[0]       |Sum[7]   
28   |I2O  |vsysclk|vsysclk|20000.0| 473.9|   13|18026.1|A[0]       |Sum[6]   
29   |I2O  |vsysclk|vsysclk|20000.0| 403.6|   11|18096.4|A[0]       |Sum[5]   
30   |I2O  |vsysclk|vsysclk|20000.0| 333.3|    9|18166.7|A[0]       |Sum[4]   
31   |I2O  |vsysclk|vsysclk|20000.0| 263.0|    7|18237.0|A[0]       |Sum[3]   
32   |I2O  |vsysclk|vsysclk|20000.0| 192.8|    5|18307.2|A[0]       |Sum[2]   
33   |I2O  |vsysclk|vsysclk|20000.0| 165.9|    4|18334.1|A[0]       |Sum[1]   
34   |I2O  |vsysclk|vsysclk|20000.0| 107.1|    2|18392.9|B[0]       |Sum[0]   
-----+-----+-------+-------+-------+------+-----+-------+-----------+---------
Report End Points: 
-----+-----+------+-------+-----+-----+-----+-----+-----------+---------
     |Group|Launch|Capture|Shift|Delay|Depth|Slack|Begin Point|End Point
-----+-----+------+-------+-----+-----+-----+-----+-----------+---------
1    |R2O  |      |       |     |     |     |     |           |         
-----+-----+------+-------+-----+-----+-----+-----+-----------+---------
1

