Report for group default
Report for group I2R
Report for group I2O
------------------------------------------------------------------------------------------------------------------------------------------------------------
Startpoint: A[0]
    (Clocked by vsysclk R)
Endpoint: Overflow
    (Clocked by vsysclk R)
Path Group: I2O
Data required time: 19500.0
    (Clock shift: 20000.0, minus Uncertainty: 0.0, plus Latency 0.0, minus Out delay: 500.0)
Data arrival time: 3314.8
Slack: 16185.2
Logic depth: 64
------------------------------------------------------------------------------------------------------------------------------------------------------------
                                                     Arrival               Arc      Net               Net    Total   fan-                                   
Path                     Module/Cell           Edge     Time    Delay    Delay    Delay     Slew     Load     Load    out     Location Power Domain      (V)
                                                        (ps)     (ps)     (ps)     (ps)     (ps)     (ff)     (ff)    (#)      (um,um)                      
------------------------------------------------------------------------------------------------------------------------------------------------------------
A[0]                     {set_input_delay}        r   1000.0   1000.0   1000.0                        2.3      9.8      2    80,   38                       
genblk1_0_F1/i_0_0/A->Z  XOR2_X2                 rf   1034.6     34.4     34.4      0.0    100.0      0.6      7.9      2    40,   40  /PD_TOP        (1.10)
genblk1_0_F1/i_0_2/A1->ZN
                         AOI22_X4                fr   1095.7     61.1     61.1      0.0     14.5      0.3     25.8      1    40,   40  /PD_TOP        (1.10)
genblk1_0_F1/i_0_3/A->ZN INV_X8                  rf   1102.8      7.1      7.1      0.0     50.3      0.5      6.0      2    40,   40  /PD_TOP        (1.10)
genblk2_0_F2/i_0_1/A1->ZN
                         AND2_X4                 ff   1128.4     25.6     25.6      0.0      3.6      0.6      8.3      2    40,   40  /PD_TOP        (1.10)
genblk2_1_F2/i_0_2/A2->ZN
                         AOI22_X4                fr   1191.4     63.0     63.0      0.0      6.6      0.3     25.8      1    40,   40  /PD_TOP        (1.10)
genblk2_1_F2/i_0_3/A->ZN INV_X8                  rf   1199.7      8.3      8.3      0.0     50.3      0.6      8.3      2    40,   40  /PD_TOP        (1.10)
genblk2_2_F2/i_0_2/A2->ZN
                         AOI22_X4                fr   1261.7     62.0     62.0      0.0      3.9      0.3     25.8      1    40,   40  /PD_TOP        (1.10)
genblk2_2_F2/i_0_3/A->ZN INV_X8                  rf   1270.0      8.3      8.3      0.0     50.3      0.6      8.3      2    40,   40  /PD_TOP        (1.10)
genblk2_3_F2/i_0_2/A2->ZN
                         AOI22_X4                fr   1332.0     62.0     62.0      0.0      3.9      0.3     25.8      1    40,   40  /PD_TOP        (1.10)
genblk2_3_F2/i_0_3/A->ZN INV_X8                  rf   1340.3      8.3      8.3      0.0     50.3      0.6      8.3      2    40,   40  /PD_TOP        (1.10)
genblk2_4_F2/i_0_2/A2->ZN
                         AOI22_X4                fr   1402.3     62.0     62.0      0.0      3.9      0.3     25.8      1    40,   40  /PD_TOP        (1.10)
genblk2_4_F2/i_0_3/A->ZN INV_X8                  rf   1410.6      8.3      8.3      0.0     50.3      0.6      8.3      2    40,   40  /PD_TOP        (1.10)
genblk2_5_F2/i_0_2/A2->ZN
                         AOI22_X4                fr   1472.6     62.0     62.0      0.0      3.9      0.3     25.8      1    40,   40  /PD_TOP        (1.10)
genblk2_5_F2/i_0_3/A->ZN INV_X8                  rf   1480.9      8.3      8.3      0.0     50.3      0.6      8.3      2    40,   40  /PD_TOP        (1.10)
genblk2_6_F2/i_0_2/A2->ZN
                         AOI22_X4                fr   1542.9     62.0     62.0      0.0      3.9      0.3     25.8      1    40,   40  /PD_TOP        (1.10)
genblk2_6_F2/i_0_3/A->ZN INV_X8                  rf   1551.2      8.3      8.3      0.0     50.3      0.6      8.3      2    40,   40  /PD_TOP        (1.10)
genblk2_7_F2/i_0_2/A2->ZN
                         AOI22_X4                fr   1613.2     62.0     62.0      0.0      3.9      0.3     25.8      1    40,   40  /PD_TOP        (1.10)
genblk2_7_F2/i_0_3/A->ZN INV_X8                  rf   1621.5      8.3      8.3      0.0     50.3      0.6      8.3      2    40,   40  /PD_TOP        (1.10)
genblk2_8_F2/i_0_2/A2->ZN
                         AOI22_X4                fr   1683.5     62.0     62.0      0.0      3.9      0.3     25.8      1    40,   40  /PD_TOP        (1.10)
genblk2_8_F2/i_0_3/A->ZN INV_X8                  rf   1691.8      8.3      8.3      0.0     50.3      0.6      8.3      2    40,   40  /PD_TOP        (1.10)
genblk2_9_F2/i_0_2/A2->ZN
                         AOI22_X4                fr   1753.8     62.0     62.0      0.0      3.9      0.3     25.8      1    40,   40  /PD_TOP        (1.10)
genblk2_9_F2/i_0_3/A->ZN INV_X8                  rf   1762.1      8.3      8.3      0.0     50.3      0.6      8.3      2    40,   40  /PD_TOP        (1.10)
genblk2_10_F2/i_0_2/A2->ZN
                         AOI22_X4                fr   1824.1     62.0     62.0      0.0      3.9      0.3     25.8      1    40,   40  /PD_TOP        (1.10)
genblk2_10_F2/i_0_3/A->ZN
                         INV_X8                  rf   1832.4      8.3      8.3      0.0     50.3      0.6      8.3      2    40,   40  /PD_TOP        (1.10)
genblk2_11_F2/i_0_2/A2->ZN
                         AOI22_X4                fr   1894.4     62.0     62.0      0.0      3.9      0.3     25.8      1    40,   40  /PD_TOP        (1.10)
genblk2_11_F2/i_0_3/A->ZN
                         INV_X8                  rf   1902.7      8.3      8.3      0.0     50.3      0.6      8.3      2    40,   40  /PD_TOP        (1.10)
genblk2_12_F2/i_0_2/A2->ZN
                         AOI22_X4                fr   1964.7     62.0     62.0      0.0      3.9      0.3     25.8      1    40,   40  /PD_TOP        (1.10)
genblk2_12_F2/i_0_3/A->ZN
                         INV_X8                  rf   1973.0      8.3      8.3      0.0     50.3      0.6      8.3      2    40,   40  /PD_TOP        (1.10)
genblk2_13_F2/i_0_2/A2->ZN
                         AOI22_X4                fr   2035.0     62.0     62.0      0.0      3.9      0.3     25.8      1    40,   40  /PD_TOP        (1.10)
genblk2_13_F2/i_0_3/A->ZN
                         INV_X8                  rf   2043.3      8.3      8.3      0.0     50.3      0.6      8.3      2    40,   40  /PD_TOP        (1.10)
genblk2_14_F2/i_0_2/A2->ZN
                         AOI22_X4                fr   2105.3     62.0     62.0      0.0      3.9      0.3     25.8      1    40,   40  /PD_TOP        (1.10)
genblk2_14_F2/i_0_3/A->ZN
                         INV_X8                  rf   2113.6      8.3      8.3      0.0     50.3      0.6      8.3      2    40,   40  /PD_TOP        (1.10)
genblk2_15_F2/i_0_2/A2->ZN
                         AOI22_X4                fr   2175.6     62.0     62.0      0.0      3.9      0.3     25.8      1    40,   40  /PD_TOP        (1.10)
genblk2_15_F2/i_0_3/A->ZN
                         INV_X8                  rf   2183.9      8.3      8.3      0.0     50.3      0.6      8.3      2    40,   40  /PD_TOP        (1.10)
genblk2_16_F2/i_0_2/A2->ZN
                         AOI22_X4                fr   2245.9     62.0     62.0      0.0      3.9      0.3     25.8      1    40,   40  /PD_TOP        (1.10)
genblk2_16_F2/i_0_3/A->ZN
                         INV_X8                  rf   2254.2      8.3      8.3      0.0     50.3      0.6      8.3      2    40,   40  /PD_TOP        (1.10)
genblk2_17_F2/i_0_2/A2->ZN
                         AOI22_X4                fr   2316.2     62.0     62.0      0.0      3.9      0.3     25.8      1    40,   40  /PD_TOP        (1.10)
genblk2_17_F2/i_0_3/A->ZN
                         INV_X8                  rf   2324.5      8.3      8.3      0.0     50.3      0.6      8.3      2    40,   40  /PD_TOP        (1.10)
genblk2_18_F2/i_0_2/A2->ZN
                         AOI22_X4                fr   2386.5     62.0     62.0      0.0      3.9      0.3     25.8      1    40,   40  /PD_TOP        (1.10)
genblk2_18_F2/i_0_3/A->ZN
                         INV_X8                  rf   2394.8      8.3      8.3      0.0     50.3      0.6      8.3      2    40,   40  /PD_TOP        (1.10)
genblk2_19_F2/i_0_2/A2->ZN
                         AOI22_X4                fr   2456.8     62.0     62.0      0.0      3.9      0.3     25.8      1    40,   40  /PD_TOP        (1.10)
genblk2_19_F2/i_0_3/A->ZN
                         INV_X8                  rf   2465.1      8.3      8.3      0.0     50.3      0.6      8.3      2    40,   40  /PD_TOP        (1.10)
genblk2_20_F2/i_0_2/A2->ZN
                         AOI22_X4                fr   2527.1     62.0     62.0      0.0      3.9      0.3     25.8      1    40,   40  /PD_TOP        (1.10)
genblk2_20_F2/i_0_3/A->ZN
                         INV_X8                  rf   2535.4      8.3      8.3      0.0     50.3      0.6      8.3      2    40,   40  /PD_TOP        (1.10)
genblk2_21_F2/i_0_2/A2->ZN
                         AOI22_X4                fr   2597.4     62.0     62.0      0.0      3.9      0.3     25.8      1    40,   40  /PD_TOP        (1.10)
genblk2_21_F2/i_0_3/A->ZN
                         INV_X8                  rf   2605.7      8.3      8.3      0.0     50.3      0.6      8.3      2    40,   40  /PD_TOP        (1.10)
genblk2_22_F2/i_0_2/A2->ZN
                         AOI22_X4                fr   2667.7     62.0     62.0      0.0      3.9      0.3     25.8      1    40,   40  /PD_TOP        (1.10)
genblk2_22_F2/i_0_3/A->ZN
                         INV_X8                  rf   2676.0      8.3      8.3      0.0     50.3      0.6      8.3      2    40,   40  /PD_TOP        (1.10)
genblk2_23_F2/i_0_2/A2->ZN
                         AOI22_X4                fr   2738.0     62.0     62.0      0.0      3.9      0.3     25.8      1    40,   40  /PD_TOP        (1.10)
genblk2_23_F2/i_0_3/A->ZN
                         INV_X8                  rf   2746.3      8.3      8.3      0.0     50.3      0.6      8.3      2    40,   40  /PD_TOP        (1.10)
genblk2_24_F2/i_0_2/A2->ZN
                         AOI22_X4                fr   2808.3     62.0     62.0      0.0      3.9      0.3     25.8      1    40,   40  /PD_TOP        (1.10)
genblk2_24_F2/i_0_3/A->ZN
                         INV_X8                  rf   2816.6      8.3      8.3      0.0     50.3      0.6      8.3      2    40,   40  /PD_TOP        (1.10)
genblk2_25_F2/i_0_2/A2->ZN
                         AOI22_X4                fr   2878.6     62.0     62.0      0.0      3.9      0.3     25.8      1    40,   40  /PD_TOP        (1.10)
genblk2_25_F2/i_0_3/A->ZN
                         INV_X8                  rf   2886.9      8.3      8.3      0.0     50.3      0.6      8.3      2    40,   40  /PD_TOP        (1.10)
genblk2_26_F2/i_0_2/A2->ZN
                         AOI22_X4                fr   2948.9     62.0     62.0      0.0      3.9      0.3     25.8      1    40,   40  /PD_TOP        (1.10)
genblk2_26_F2/i_0_3/A->ZN
                         INV_X8                  rf   2957.2      8.3      8.3      0.0     50.3      0.6      8.3      2    40,   40  /PD_TOP        (1.10)
genblk2_27_F2/i_0_2/A2->ZN
                         AOI22_X4                fr   3019.2     62.0     62.0      0.0      3.9      0.3     25.8      1    40,   40  /PD_TOP        (1.10)
genblk2_27_F2/i_0_3/A->ZN
                         INV_X8                  rf   3027.5      8.3      8.3      0.0     50.3      0.6      8.3      2    40,   40  /PD_TOP        (1.10)
genblk2_28_F2/i_0_2/A2->ZN
                         AOI22_X4                fr   3089.5     62.0     62.0      0.0      3.9      0.3     25.8      1    40,   40  /PD_TOP        (1.10)
genblk2_28_F2/i_0_3/A->ZN
                         INV_X8                  rf   3097.8      8.3      8.3      0.0     50.3      0.6      8.3      2    40,   40  /PD_TOP        (1.10)
genblk2_29_F2/i_0_2/A2->ZN
                         AOI22_X4                fr   3159.8     62.0     62.0      0.0      3.9      0.3     25.8      1    40,   40  /PD_TOP        (1.10)
genblk2_29_F2/i_0_3/A->ZN
                         INV_X8                  rf   3168.1      8.3      8.3      0.0     50.3      0.6      8.3      2    40,   40  /PD_TOP        (1.10)
genblk2_30_F2/i_0_1/B->Z XOR2_X2*                fr   3267.6     99.5     99.5      0.0      3.9      0.6     40.1      3    40,   40  /PD_TOP        (1.10)
i_0_0_0/A2->ZN           OAI33_X1                rf   3314.6     47.0     47.0      0.0     15.3      2.4     12.4      1    40,   40  /PD_TOP        (1.10)
Overflow                                          f   3314.8      0.2               0.2     33.9                             80,   37                       
------------------------------------------------------------------------------------------------------------------------------------------------------------
Report for group R2O
