warning: No library characterized for (process = 1.00 voltage = 0.85 temperature = 25.00) can be found in the database for power domain '/PD_TOP'  [NL-174]
Report Power (instances with prefix '*' are included in total) : 
-----+----------+--------------------+---------------------+-------------------+-----------------
     | Instance | Internal Power(uw) | Switching Power(uw) | Leakage Power(uw) | Total Power(uw) 
-----+----------+--------------------+---------------------+-------------------+-----------------
1    |*RCAsecond|            3.951480|            10.600544|           1.850619|        16.402643
2    |*RCAfirst |            3.955827|            12.228751|           1.850619|        18.035196
3    |*hf0      |            0.122475|             0.247740|           0.061230|         0.431445
4    |*hf15     |            0.107270|             0.606387|           0.061230|         0.774887
5    |*hf14     |            0.108096|             0.187750|           0.061230|         0.357075
6    |*hf13     |            0.108094|             0.187677|           0.061230|         0.357001
7    |*hf12     |            0.108092|             0.187686|           0.061230|         0.357008
8    |*hf11     |            0.108086|             0.187551|           0.061230|         0.356866
9    |*hf10     |            0.108075|             0.187647|           0.061230|         0.356952
10   |*hf9      |            0.108053|             0.187747|           0.061230|         0.357029
11   |*hf8      |            0.108010|             0.187894|           0.061230|         0.357133
12   |*hf7      |            0.107926|             0.188034|           0.061230|         0.357190
13   |*hf6      |            0.107771|             0.188681|           0.061230|         0.357681
14   |*hf5      |            0.107504|             0.189772|           0.061230|         0.358505
15   |*hf4      |            0.107125|             0.192086|           0.061230|         0.360442
16   |*hf3      |            0.106875|             0.196472|           0.061230|         0.364577
17   |*hf2      |            0.107739|             0.205259|           0.061230|         0.374228
18   |*hf1      |            0.112075|             0.221324|           0.061230|         0.394629
19   |*i_0_0_0  |            0.068570|             0.179257|           0.022695|         0.270522
20   |*i_0_1_0  |            0.056326|             0.134070|           0.048314|         0.238709
21   |*i_0_1_1  |            0.056238|             0.028798|           0.014353|         0.099390
22   |*i_0_1_2  |            0.023877|             0.029381|           0.014353|         0.067612
23   |*i_0_1_3  |            0.056035|             0.030408|           0.014353|         0.100796
24   |          |                    |                     |                   |                 
25   |*TOTAL    |            9.911621|            26.780916|           4.794983|        41.487518
-----+----------+--------------------+---------------------+-------------------+-----------------
