Report for group default
Report for group I2R
Report for group I2O
------------------------------------------------------------------------------------------------------------------------------------------------------------
Startpoint: A[1]
    (Clocked by vsysclk R)
Endpoint: Overflow
    (Clocked by vsysclk R)
Path Group: I2O
Data required time: 19500.0
    (Clock shift: 20000.0, minus Uncertainty: 0.0, plus Latency 0.0, minus Out delay: 500.0)
Data arrival time: 2656.4
Slack: 16843.6
Logic depth: 48
------------------------------------------------------------------------------------------------------------------------------------------------------------
                                                     Arrival               Arc      Net               Net    Total   fan-                                   
Path                     Module/Cell           Edge     Time    Delay    Delay    Delay     Slew     Load     Load    out     Location Power Domain      (V)
                                                        (ps)     (ps)     (ps)     (ps)     (ps)     (ff)     (ff)    (#)      (um,um)                      
------------------------------------------------------------------------------------------------------------------------------------------------------------
A[1]                     {set_input_delay}        r   1000.0   1000.0   1000.0                        2.3      9.7      2    40,   78                       
RCAfirst/genblk1_1_F/i_0_0/A->Z
                         XOR2_X2                 rf   1034.6     34.4     34.4      0.0    100.0      0.6      7.9      2    40,   38  /PD_TOP        (1.10)
RCAfirst/genblk1_1_F/i_0_2/A1->ZN
                         AOI22_X4                fr   1095.7     61.1     61.1      0.0     14.5      0.3     25.8      1    40,   38  /PD_TOP        (1.10)
RCAfirst/genblk1_1_F/i_0_3/A->ZN
                         INV_X8                  rf   1104.0      8.3      8.3      0.0     50.3      0.6      8.3      2    40,   38  /PD_TOP        (1.10)
RCAfirst/genblk1_2_F/i_0_2/A2->ZN
                         AOI22_X4                fr   1166.0     62.2     62.0      0.2      3.9      0.3     25.8      1    40,   38  /PD_TOP        (1.10)
RCAfirst/genblk1_2_F/i_0_3/A->ZN
                         INV_X8                  rf   1174.3      8.5      8.3      0.2     50.3      0.6      8.3      2    40,   38  /PD_TOP        (1.10)
RCAfirst/genblk1_3_F/i_0_2/A2->ZN
                         AOI22_X4                fr   1236.3     62.0     62.0      0.0      3.9      0.3     25.8      1    40,   38  /PD_TOP        (1.10)
RCAfirst/genblk1_3_F/i_0_3/A->ZN
                         INV_X8                  rf   1244.6      8.3      8.3      0.0     50.3      0.6      8.3      2    40,   38  /PD_TOP        (1.10)
RCAfirst/genblk1_4_F/i_0_2/A2->ZN
                         AOI22_X4                fr   1306.6     62.0     62.0      0.0      3.9      0.3     25.8      1    40,   38  /PD_TOP        (1.10)
RCAfirst/genblk1_4_F/i_0_3/A->ZN
                         INV_X8                  rf   1314.9      8.3      8.3      0.0     50.3      0.6      8.3      2    40,   38  /PD_TOP        (1.10)
RCAfirst/genblk1_5_F/i_0_2/A2->ZN
                         AOI22_X4                fr   1376.9     62.0     62.0      0.0      3.9      0.3     25.8      1    40,   38  /PD_TOP        (1.10)
RCAfirst/genblk1_5_F/i_0_3/A->ZN
                         INV_X8                  rf   1385.2      8.3      8.3      0.0     50.3      0.6      8.3      2    40,   38  /PD_TOP        (1.10)
RCAfirst/genblk1_6_F/i_0_2/A2->ZN
                         AOI22_X4                fr   1447.2     62.0     62.0      0.0      3.9      0.3     25.8      1    40,   38  /PD_TOP        (1.10)
RCAfirst/genblk1_6_F/i_0_3/A->ZN
                         INV_X8                  rf   1455.5      8.3      8.3      0.0     50.3      0.6      8.3      2    40,   38  /PD_TOP        (1.10)
RCAfirst/genblk1_7_F/i_0_2/A2->ZN
                         AOI22_X4                fr   1517.5     62.0     62.0      0.0      3.9      0.3     25.8      1    40,   38  /PD_TOP        (1.10)
RCAfirst/genblk1_7_F/i_0_3/A->ZN
                         INV_X8                  rf   1525.8      8.3      8.3      0.0     50.3      0.6      8.3      2    40,   38  /PD_TOP        (1.10)
RCAfirst/genblk1_8_F/i_0_2/A2->ZN
                         AOI22_X4                fr   1587.8     62.0     62.0      0.0      3.9      0.3     25.8      1    40,   38  /PD_TOP        (1.10)
RCAfirst/genblk1_8_F/i_0_3/A->ZN
                         INV_X8                  rf   1596.1      8.3      8.3      0.0     50.3      0.6      8.3      2    40,   38  /PD_TOP        (1.10)
RCAfirst/genblk1_9_F/i_0_2/A2->ZN
                         AOI22_X4                fr   1658.1     62.0     62.0      0.0      3.9      0.3     25.8      1    40,   38  /PD_TOP        (1.10)
RCAfirst/genblk1_9_F/i_0_3/A->ZN
                         INV_X8                  rf   1666.4      8.3      8.3      0.0     50.3      0.6      8.3      2    40,   38  /PD_TOP        (1.10)
RCAfirst/genblk1_10_F/i_0_2/A2->ZN
                         AOI22_X4                fr   1728.4     62.0     62.0      0.0      3.9      0.3     25.8      1    40,   38  /PD_TOP        (1.10)
RCAfirst/genblk1_10_F/i_0_3/A->ZN
                         INV_X8                  rf   1736.7      8.3      8.3      0.0     50.3      0.6      8.3      2    40,   38  /PD_TOP        (1.10)
RCAfirst/genblk1_11_F/i_0_2/A2->ZN
                         AOI22_X4                fr   1798.7     62.0     62.0      0.0      3.9      0.3     25.8      1    40,   38  /PD_TOP        (1.10)
RCAfirst/genblk1_11_F/i_0_3/A->ZN
                         INV_X8                  rf   1807.0      8.3      8.3      0.0     50.3      0.6      8.3      2    40,   38  /PD_TOP        (1.10)
RCAfirst/genblk1_12_F/i_0_2/A2->ZN
                         AOI22_X4                fr   1869.0     62.0     62.0      0.0      3.9      0.3     25.8      1    40,   38  /PD_TOP        (1.10)
RCAfirst/genblk1_12_F/i_0_3/A->ZN
                         INV_X8                  rf   1877.3      8.3      8.3      0.0     50.3      0.6      8.3      2    40,   38  /PD_TOP        (1.10)
RCAfirst/genblk1_13_F/i_0_2/A2->ZN
                         AOI22_X4                fr   1939.3     62.0     62.0      0.0      3.9      0.3     25.8      1    40,   38  /PD_TOP        (1.10)
RCAfirst/genblk1_13_F/i_0_3/A->ZN
                         INV_X8                  rf   1947.6      8.3      8.3      0.0     50.3      0.6      8.3      2    40,   38  /PD_TOP        (1.10)
RCAfirst/genblk1_14_F/i_0_2/A2->ZN
                         AOI22_X4                fr   2009.6     62.0     62.0      0.0      3.9      0.3     25.8      1    40,   38  /PD_TOP        (1.10)
RCAfirst/genblk1_14_F/i_0_3/A->ZN
                         INV_X8                  rf   2017.9      8.3      8.3      0.0     50.3      0.6      8.3      2    40,   38  /PD_TOP        (1.10)
RCAfirst/genblk1_15_F/i_0_2/A2->ZN
                         AOI22_X4                fr   2079.9     62.0     62.0      0.0      3.9      0.3     25.8      1    40,   38  /PD_TOP        (1.10)
RCAfirst/genblk1_15_F/i_0_3/A->ZN
                         INV_X8                  rf   2087.1      7.2      7.2      0.0     50.3      0.5      6.2      2    40,   38  /PD_TOP        (1.10)
hf0/i_0_1/A2->ZN         AND2_X4                 ff   2114.2     27.1     27.1      0.0      3.7      0.5      6.2      2    40,   38  /PD_TOP        (1.10)
hf1/i_0_1/A2->ZN         AND2_X4                 ff   2142.4     28.2     28.2      0.0      6.1      0.5      6.2      2    40,   38  /PD_TOP        (1.10)
hf2/i_0_1/A2->ZN         AND2_X4                 ff   2170.6     28.2     28.2      0.0      6.1      0.5      6.2      2    40,   38  /PD_TOP        (1.10)
hf3/i_0_1/A2->ZN         AND2_X4                 ff   2198.8     28.2     28.2      0.0      6.1      0.5      6.2      2    40,   38  /PD_TOP        (1.10)
hf4/i_0_1/A2->ZN         AND2_X4                 ff   2227.0     28.2     28.2      0.0      6.1      0.5      6.2      2    40,   38  /PD_TOP        (1.10)
hf5/i_0_1/A2->ZN         AND2_X4                 ff   2255.2     28.2     28.2      0.0      6.1      0.5      6.2      2    40,   38  /PD_TOP        (1.10)
hf6/i_0_1/A2->ZN         AND2_X4                 ff   2283.4     28.2     28.2      0.0      6.1      0.5      6.2      2    40,   38  /PD_TOP        (1.10)
hf7/i_0_1/A2->ZN         AND2_X4                 ff   2311.6     28.2     28.2      0.0      6.1      0.5      6.2      2    40,   38  /PD_TOP        (1.10)
hf8/i_0_1/A2->ZN         AND2_X4                 ff   2339.8     28.2     28.2      0.0      6.1      0.5      6.2      2    40,   38  /PD_TOP        (1.10)
hf9/i_0_1/A2->ZN         AND2_X4                 ff   2368.0     28.2     28.2      0.0      6.1      0.5      6.2      2    40,   38  /PD_TOP        (1.10)
hf10/i_0_1/A2->ZN        AND2_X4                 ff   2396.2     28.2     28.2      0.0      6.1      0.5      6.2      2    40,   38  /PD_TOP        (1.10)
hf11/i_0_1/A2->ZN        AND2_X4                 ff   2424.4     28.2     28.2      0.0      6.1      0.5      6.2      2    40,   38  /PD_TOP        (1.10)
hf12/i_0_1/A2->ZN        AND2_X4                 ff   2452.6     28.2     28.2      0.0      6.1      0.5      6.2      2    40,   38  /PD_TOP        (1.10)
hf13/i_0_1/A2->ZN        AND2_X4                 ff   2480.8     28.2     28.2      0.0      6.1      0.5      6.2      2    40,   38  /PD_TOP        (1.10)
hf14/i_0_1/A2->ZN        AND2_X4                 ff   2509.0     28.2     28.2      0.0      6.1      0.5      6.2      2    40,   38  /PD_TOP        (1.10)
hf15/i_0_0/B->Z          XOR2_X2*                fr   2609.3    100.3    100.3      0.0      6.1      0.6     40.1      3    40,   38  /PD_TOP        (1.10)
i_0_1_0/A2->ZN           OAI33_X1                rf   2656.2     46.9     46.9      0.0     15.3      2.3     12.3      1    40,   38  /PD_TOP        (1.10)
Overflow                                          f   2656.4      0.2               0.2     33.9                             78,   41                       
------------------------------------------------------------------------------------------------------------------------------------------------------------
Report for group R2O
