Report 'report_mcmm_variation': MCMM Variation
Generated on Wed Jan 4 05:48:58 2023
  
--------------------------------------------------------------------
|    MCMM variability report for design 'BAMIntegrated' (nano)     |
|------------------------------------------------------------------|
| MODE     CORNER     WNS     TNS       #Endpts WHS THS    #Endpts | 
|------------------------------------------------------------------|
| new_mode corner_0_0 -5.9580 -211.8850 50      --- 0.0000 0       | 
--------------------------------------------------------------------


info UI33: performed report_mcmm_variation for 0 sec (CPU time: 0 sec; MEM: RSS - 470M, CVMEM - 1687M, PVMEM - 1839M)
Report 'report_path_group': Path Group
Generated on Wed Jan 4 05:48:58 2023
  
------------------------------------------------------------------------------------------------------------------------
|                                              PATH GROUPS (SETUP) (nano)                                              |
|----------------------------------------------------------------------------------------------------------------------|
|                  | QOR Weight Margin TNS Range Endpoints Violating Endpoints Violating Endpoints % WNS     TNS       | 
|----------------------------------------------------------------------------------------------------------------------|
| **global**       |     1             0.7000    322       50                  16                    -5.9580 -211.8850 | 
| **qor**          |     1             0.7000    322       50                  16                    -5.9580 -211.8850 | 
| vsysclk_new_mode | *   1             0.7000    192       50                  26                    -5.9580 -211.8850 | 
------------------------------------------------------------------------------------------------------------------------


info UI33: performed report_path_group for 0 sec (CPU time: 0 sec; MEM: RSS - 470M, CVMEM - 1687M, PVMEM - 1839M)
SLACK HISTOGRAM
---------------
Select : SELECT_LATE

-----------------------------------------------
| Slack             # End Pts Total # End Pts | 
|---------------------------------------------|
| -6.0000 - -5.9010 5         5               | 
| -5.9000 - -5.8010 3         8               | 
| -5.8000 - -5.7010 2         10              | 
| -5.7000 - -5.6010 2         12              | 
| -5.6000 - -5.5010 1         13              | 
| -5.5000 - -5.4010 3         16              | 
| -5.4000 - -5.3010 2         18              | 
| -5.3000 - -5.2010 3         21              | 
| -5.2000 - -5.1010 2         23              | 
| -5.1000 - -5.0010 2         25              | 
| -5.0000 - -4.9010 1         26              | 
| -4.9000 - -4.8010 1         27              | 
| -4.8000 - -4.7010 2         29              | 
| -4.7000 - -4.6010 1         30              | 
| -4.6000 - -4.5010 1         31              | 
| -4.5000 - -4.4010 1         32              | 
| -4.4000 - -4.3010 1         33              | 
| -4.3000 - -4.2010 0         33              | 
| -4.2000 - -4.1010 1         34              | 
| -4.1000 - -4.0010 0         34              | 
| -4.0000 - -3.9010 0         34              | 
| -3.9000 - -3.8010 1         35              | 
| -3.8000 - -3.7010 0         35              | 
| -3.7000 - -3.6010 0         35              | 
| -3.6000 - -3.5010 1         36              | 
| -3.5000 - -3.4010 0         36              | 
| -3.4000 - -3.3010 1         37              | 
| -3.3000 - -3.2010 0         37              | 
| -3.2000 - -3.1010 0         37              | 
| -3.1000 - -3.0010 1         38              | 
| -3.0000 - -2.9010 0         38              | 
| -2.9000 - -2.8010 1         39              | 
| -2.8000 - -2.7010 0         39              | 
| -2.7000 - -2.6010 0         39              | 
| -2.6000 - -2.5010 1         40              | 
| -2.5000 - -2.4010 0         40              | 
| -2.4000 - -2.3010 1         41              | 
| -2.3000 - -2.2010 0         41              | 
| -2.2000 - -2.1010 1         42              | 
| -2.1000 - -2.0010 0         42              | 
| -2.0000 - -1.9010 1         43              | 
| -1.9000 - -1.8010 0         43              | 
| -1.8000 - -1.7010 0         43              | 
| -1.7000 - -1.6010 1         44              | 
| -1.6000 - -1.5010 0         44              | 
| -1.5000 - -1.4010 1         45              | 
| -1.4000 - -1.3010 0         45              | 
| -1.3000 - -1.2010 0         45              | 
| -1.2000 - -1.1010 0         45              | 
| -1.1000 - -1.0010 1         46              | 
| -1.0000 - -0.9010 0         46              | 
| -0.9000 - -0.8010 1         47              | 
| -0.8000 - -0.7010 0         47              | 
| -0.7000 - -0.6010 0         47              | 
| -0.6000 - -0.5010 1         48              | 
| -0.5000 - -0.4010 0         48              | 
| -0.4000 - -0.3010 1         49              | 
| -0.3000 - -0.2010 0         49              | 
| -0.2000 - -0.1010 0         49              | 
| -0.1000 - -0.0010 1         50              | 
| 0.0000 - 7.4990   272       322             | 
-----------------------------------------------


info UI33: performed report_slack_histogram for 0 sec (CPU time: 0 sec; MEM: RSS - 470M, CVMEM - 1687M, PVMEM - 1839M)
Report 'report_path_group': Path Group
Generated on Wed Jan 4 05:48:58 2023
  
-------------------------------------------------------------------------------------------
|                                PATH GROUPS (HOLD) (nano)                                |
|-----------------------------------------------------------------------------------------|
| QOR Weight Margin TNS Range Endpoints Violating Endpoints Violating Endpoints % WNS TNS | 
-------------------------------------------------------------------------------------------


info UI33: performed report_path_group for 0 sec (CPU time: 0 sec; MEM: RSS - 470M, CVMEM - 1687M, PVMEM - 1839M)
SLACK HISTOGRAM
---------------
Select : SELECT_EARLY

---------------------------------------------
| Slack           # End Pts Total # End Pts | 
|-------------------------------------------|
| 0.0000 - 4.9990 322       322             | 
---------------------------------------------


info UI33: performed report_slack_histogram for 0 sec (CPU time: 0 sec; MEM: RSS - 470M, CVMEM - 1687M, PVMEM - 1839M)
