Report 'report_mcmm_variation': MCMM Variation
Generated on Wed Jan 4 11:14:13 2023
  
-------------------------------------------------------------------------
|       MCMM variability report for design 'BAMIntegrated' (nano)       |
|-----------------------------------------------------------------------|
| MODE     CORNER     WNS     TNS       #Endpts WHS     THS     #Endpts | 
|-----------------------------------------------------------------------|
| new_mode corner_0_0 -6.0930 -216.3580 50      -0.0110 -0.0420 5       | 
-------------------------------------------------------------------------


info UI33: performed report_mcmm_variation for 0 sec (CPU time: 0 sec; MEM: RSS - 616M, CVMEM - 1687M, PVMEM - 1839M)
Report 'report_path_group': Path Group
Generated on Wed Jan 4 11:14:13 2023
  
------------------------------------------------------------------------------------------------------------------------
|                                              PATH GROUPS (SETUP) (nano)                                              |
|----------------------------------------------------------------------------------------------------------------------|
|                  | QOR Weight Margin TNS Range Endpoints Violating Endpoints Violating Endpoints % WNS     TNS       | 
|----------------------------------------------------------------------------------------------------------------------|
| **global**       |     1             0.7000    322       50                  16                    -6.0930 -216.3580 | 
| **qor**          |     1             0.7000    322       50                  16                    -6.0930 -216.3580 | 
| vsysclk_new_mode | *   1             0.7000    192       50                  26                    -6.0930 -216.3580 | 
------------------------------------------------------------------------------------------------------------------------


info UI33: performed report_path_group for 0 sec (CPU time: 0 sec; MEM: RSS - 616M, CVMEM - 1687M, PVMEM - 1839M)
SLACK HISTOGRAM
---------------
Select : SELECT_LATE

-----------------------------------------------
| Slack             # End Pts Total # End Pts | 
|---------------------------------------------|
| -6.1000 - -6.0010 6         6               | 
| -6.0000 - -5.9010 2         8               | 
| -5.9000 - -5.8010 2         10              | 
| -5.8000 - -5.7010 2         12              | 
| -5.7000 - -5.6010 1         13              | 
| -5.6000 - -5.5010 3         16              | 
| -5.5000 - -5.4010 2         18              | 
| -5.4000 - -5.3010 3         21              | 
| -5.3000 - -5.2010 3         24              | 
| -5.2000 - -5.1010 1         25              | 
| -5.1000 - -5.0010 1         26              | 
| -5.0000 - -4.9010 1         27              | 
| -4.9000 - -4.8010 1         28              | 
| -4.8000 - -4.7010 2         30              | 
| -4.7000 - -4.6010 1         31              | 
| -4.6000 - -4.5010 1         32              | 
| -4.5000 - -4.4010 1         33              | 
| -4.4000 - -4.3010 0         33              | 
| -4.3000 - -4.2010 1         34              | 
| -4.2000 - -4.1010 0         34              | 
| -4.1000 - -4.0010 0         34              | 
| -4.0000 - -3.9010 0         34              | 
| -3.9000 - -3.8010 1         35              | 
| -3.8000 - -3.7010 0         35              | 
| -3.7000 - -3.6010 1         36              | 
| -3.6000 - -3.5010 0         36              | 
| -3.5000 - -3.4010 0         36              | 
| -3.4000 - -3.3010 1         37              | 
| -3.3000 - -3.2010 0         37              | 
| -3.2000 - -3.1010 1         38              | 
| -3.1000 - -3.0010 0         38              | 
| -3.0000 - -2.9010 0         38              | 
| -2.9000 - -2.8010 1         39              | 
| -2.8000 - -2.7010 0         39              | 
| -2.7000 - -2.6010 1         40              | 
| -2.6000 - -2.5010 0         40              | 
| -2.5000 - -2.4010 1         41              | 
| -2.4000 - -2.3010 0         41              | 
| -2.3000 - -2.2010 0         41              | 
| -2.2000 - -2.1010 1         42              | 
| -2.1000 - -2.0010 0         42              | 
| -2.0000 - -1.9010 1         43              | 
| -1.9000 - -1.8010 0         43              | 
| -1.8000 - -1.7010 0         43              | 
| -1.7000 - -1.6010 1         44              | 
| -1.6000 - -1.5010 0         44              | 
| -1.5000 - -1.4010 1         45              | 
| -1.4000 - -1.3010 0         45              | 
| -1.3000 - -1.2010 0         45              | 
| -1.2000 - -1.1010 1         46              | 
| -1.1000 - -1.0010 0         46              | 
| -1.0000 - -0.9010 0         46              | 
| -0.9000 - -0.8010 1         47              | 
| -0.8000 - -0.7010 0         47              | 
| -0.7000 - -0.6010 0         47              | 
| -0.6000 - -0.5010 1         48              | 
| -0.5000 - -0.4010 0         48              | 
| -0.4000 - -0.3010 1         49              | 
| -0.3000 - -0.2010 0         49              | 
| -0.2000 - -0.1010 0         49              | 
| -0.1000 - -0.0010 1         50              | 
| 0.0000 - 7.4990   272       322             | 
-----------------------------------------------


info UI33: performed report_slack_histogram for 0 sec (CPU time: 0 sec; MEM: RSS - 616M, CVMEM - 1687M, PVMEM - 1839M)
Report 'report_path_group': Path Group
Generated on Wed Jan 4 11:14:13 2023
  
----------------------------------------------------------------------------------------------------------------
|                                          PATH GROUPS (HOLD) (nano)                                           |
|--------------------------------------------------------------------------------------------------------------|
|            | QOR Weight Margin TNS Range Endpoints Violating Endpoints Violating Endpoints % WNS     TNS     | 
|--------------------------------------------------------------------------------------------------------------|
| **global** |     1             0.7000    322       5                   1.6                   -0.0110 -0.0420 | 
| **qor**    |     1             0.7000    322       5                   1.6                   -0.0110 -0.0420 | 
| **inputs** | *   1             0.7000    192       5                   2.6                   -0.0110 -0.0420 | 
----------------------------------------------------------------------------------------------------------------


info UI33: performed report_path_group for 0 sec (CPU time: 0 sec; MEM: RSS - 616M, CVMEM - 1687M, PVMEM - 1839M)
SLACK HISTOGRAM
---------------
Select : SELECT_EARLY

-----------------------------------------------
| Slack             # End Pts Total # End Pts | 
|---------------------------------------------|
| -0.0112 - -0.0120 2         2               | 
| -0.0110 - -0.0118 0         2               | 
| -0.0108 - -0.0116 0         2               | 
| -0.0106 - -0.0114 0         2               | 
| -0.0104 - -0.0112 0         2               | 
| -0.0102 - -0.0110 0         2               | 
| -0.0100 - -0.0108 0         2               | 
| -0.0098 - -0.0106 0         2               | 
| -0.0096 - -0.0104 0         2               | 
| -0.0094 - -0.0102 0         2               | 
| -0.0092 - -0.0100 0         2               | 
| -0.0090 - -0.0098 0         2               | 
| -0.0088 - -0.0096 0         2               | 
| -0.0086 - -0.0094 0         2               | 
| -0.0084 - -0.0092 0         2               | 
| -0.0082 - -0.0090 0         2               | 
| -0.0080 - -0.0088 0         2               | 
| -0.0078 - -0.0086 0         2               | 
| -0.0076 - -0.0084 0         2               | 
| -0.0074 - -0.0082 0         2               | 
| -0.0072 - -0.0080 2         4               | 
| -0.0070 - -0.0078 0         4               | 
| -0.0068 - -0.0076 0         4               | 
| -0.0066 - -0.0074 0         4               | 
| -0.0064 - -0.0072 0         4               | 
| -0.0062 - -0.0070 1         5               | 
| -0.0060 - -0.0068 0         5               | 
| -0.0058 - -0.0066 0         5               | 
| -0.0056 - -0.0064 0         5               | 
| -0.0054 - -0.0062 0         5               | 
| -0.0052 - -0.0060 0         5               | 
| -0.0050 - -0.0058 0         5               | 
| -0.0048 - -0.0056 0         5               | 
| -0.0046 - -0.0054 0         5               | 
| -0.0044 - -0.0052 0         5               | 
| -0.0042 - -0.0050 0         5               | 
| -0.0040 - -0.0048 0         5               | 
| -0.0038 - -0.0046 0         5               | 
| -0.0036 - -0.0044 0         5               | 
| -0.0034 - -0.0042 0         5               | 
| -0.0032 - -0.0040 0         5               | 
| -0.0030 - -0.0038 0         5               | 
| -0.0028 - -0.0036 0         5               | 
| -0.0026 - -0.0034 0         5               | 
| -0.0024 - -0.0032 0         5               | 
| -0.0022 - -0.0030 0         5               | 
| -0.0020 - -0.0028 0         5               | 
| -0.0018 - -0.0026 0         5               | 
| -0.0016 - -0.0024 0         5               | 
| -0.0014 - -0.0022 0         5               | 
| -0.0012 - -0.0020 0         5               | 
| -0.0010 - -0.0018 0         5               | 
| -0.0008 - -0.0016 0         5               | 
| -0.0006 - -0.0014 0         5               | 
| -0.0004 - -0.0012 0         5               | 
| -0.0002 - -0.0010 0         5               | 
| 0.0000 - 4.9990   317       322             | 
-----------------------------------------------


info UI33: performed report_slack_histogram for 0 sec (CPU time: 0 sec; MEM: RSS - 616M, CVMEM - 1687M, PVMEM - 1839M)
