Report 'report_mcmm_variation': MCMM Variation
Generated on Wed Jan 4 05:29:49 2023
  
--------------------------------------------------------------------
|    MCMM variability report for design 'BAMIntegrated' (nano)     |
|------------------------------------------------------------------|
| MODE     CORNER     WNS     TNS       #Endpts WHS THS    #Endpts | 
|------------------------------------------------------------------|
| new_mode corner_0_0 -6.2830 -224.0430 50      --- 0.0000 0       | 
--------------------------------------------------------------------


info UI33: performed report_mcmm_variation for 0 sec (CPU time: 0 sec; MEM: RSS - 386M, CVMEM - 1687M, PVMEM - 1839M)
Report 'report_path_group': Path Group
Generated on Wed Jan 4 05:29:49 2023
  
------------------------------------------------------------------------------------------------------------------------
|                                              PATH GROUPS (SETUP) (nano)                                              |
|----------------------------------------------------------------------------------------------------------------------|
|                  | QOR Weight Margin TNS Range Endpoints Violating Endpoints Violating Endpoints % WNS     TNS       | 
|----------------------------------------------------------------------------------------------------------------------|
| **global**       |     1             0.7000    322       50                  16                    -6.2830 -224.0430 | 
| **qor**          |     1             0.7000    322       50                  16                    -6.2830 -224.0430 | 
| vsysclk_new_mode | *   1             0.7000    192       50                  26                    -6.2830 -224.0430 | 
------------------------------------------------------------------------------------------------------------------------


info UI33: performed report_path_group for 0 sec (CPU time: 0 sec; MEM: RSS - 386M, CVMEM - 1687M, PVMEM - 1839M)
SLACK HISTOGRAM
---------------
Select : SELECT_LATE

-----------------------------------------------
| Slack             # End Pts Total # End Pts | 
|---------------------------------------------|
| -6.5000 - -6.2510 5         5               | 
| -6.2500 - -6.0010 5         10              | 
| -6.0000 - -5.7510 6         16              | 
| -5.7500 - -5.5010 4         20              | 
| -5.5000 - -5.2510 4         24              | 
| -5.2500 - -5.0010 4         28              | 
| -5.0000 - -4.7510 4         32              | 
| -4.7500 - -4.5010 1         33              | 
| -4.5000 - -4.2510 1         34              | 
| -4.2500 - -4.0010 1         35              | 
| -4.0000 - -3.7510 1         36              | 
| -3.7500 - -3.5010 1         37              | 
| -3.5000 - -3.2510 1         38              | 
| -3.2500 - -3.0010 0         38              | 
| -3.0000 - -2.7510 1         39              | 
| -2.7500 - -2.5010 1         40              | 
| -2.5000 - -2.2510 1         41              | 
| -2.2500 - -2.0010 2         43              | 
| -2.0000 - -1.7510 0         43              | 
| -1.7500 - -1.5010 2         45              | 
| -1.5000 - -1.2510 0         45              | 
| -1.2500 - -1.0010 1         46              | 
| -1.0000 - -0.7510 1         47              | 
| -0.7500 - -0.5010 1         48              | 
| -0.5000 - -0.2510 1         49              | 
| -0.2500 - -0.0010 1         50              | 
| 0.0000 - 7.4990   272       322             | 
-----------------------------------------------


info UI33: performed report_slack_histogram for 0 sec (CPU time: 0 sec; MEM: RSS - 386M, CVMEM - 1687M, PVMEM - 1839M)
Report 'report_path_group': Path Group
Generated on Wed Jan 4 05:29:49 2023
  
-------------------------------------------------------------------------------------------
|                                PATH GROUPS (HOLD) (nano)                                |
|-----------------------------------------------------------------------------------------|
| QOR Weight Margin TNS Range Endpoints Violating Endpoints Violating Endpoints % WNS TNS | 
-------------------------------------------------------------------------------------------


info UI33: performed report_path_group for 0 sec (CPU time: 0 sec; MEM: RSS - 386M, CVMEM - 1687M, PVMEM - 1839M)
SLACK HISTOGRAM
---------------
Select : SELECT_EARLY

---------------------------------------------
| Slack           # End Pts Total # End Pts | 
|-------------------------------------------|
| 0.0000 - 4.9990 322       322             | 
---------------------------------------------


info UI33: performed report_slack_histogram for 0 sec (CPU time: 0 sec; MEM: RSS - 386M, CVMEM - 1687M, PVMEM - 1839M)
