warning: No library characterized for (process = 1.00 voltage = 0.85 temperature = 25.00) can be found in the database for power domain '/PD_TOP'  [NL-174]
Report Power (instances with prefix '*' are included in total) : 
-----+-------------------+--------------------+---------------------+-------------------+-----------------
     | Instance          | Internal Power(uw) | Switching Power(uw) | Leakage Power(uw) | Total Power(uw) 
-----+-------------------+--------------------+---------------------+-------------------+-----------------
1    |*MUX_Cout          |            0.091715|             0.182049|           0.035928|         0.309692
2    |*genblk1_0_RCA_1   |            0.880293|             2.076912|           0.417014|         3.374219
3    |*genblk1_4_RCA_1   |            1.008369|             2.560802|           0.477170|         4.046341
4    |*genblk1_8_RCA_1   |            1.009185|             2.556534|           0.477170|         4.042889
5    |*genblk1_12_RCA_1  |            1.009201|             2.556447|           0.477170|         4.042818
6    |*genblk1_16_RCA_1  |            1.009201|             2.556446|           0.477170|         4.042817
7    |*genblk1_20_RCA_1  |            1.009201|             2.556446|           0.477170|         4.042817
8    |*genblk1_24_RCA_1  |            1.008531|             2.580427|           0.477170|         4.066128
9    |*genblk1_28_RCA_1  |            0.923819|             1.929143|           0.430205|         3.283167
10   |*genblk1_0_RCA_0   |            0.911001|             1.989174|           0.419107|         3.319283
11   |*genblk1_4_RCA_0   |            1.009481|             2.550238|           0.477170|         4.036889
12   |*genblk1_8_RCA_0   |            1.009137|             2.552138|           0.477170|         4.038445
13   |*genblk1_12_RCA_0  |            1.009130|             2.552175|           0.477170|         4.038475
14   |*genblk1_16_RCA_0  |            1.009130|             2.552176|           0.477170|         4.038476
15   |*genblk1_20_RCA_0  |            1.009130|             2.552176|           0.477170|         4.038476
16   |*genblk1_24_RCA_0  |            1.008488|             2.575133|           0.477170|         4.060791
17   |*genblk1_28_RCA_0  |            0.923743|             1.924873|           0.430205|         3.278821
18   |*genblk2_0_MUX_Sum |            0.095241|             0.189575|           0.035928|         0.320744
19   |*genblk2_1_MUX_Sum |            0.095249|             0.189759|           0.035928|         0.320936
20   |*genblk2_2_MUX_Sum |            0.095249|             0.189759|           0.035928|         0.320936
21   |*genblk2_3_MUX_Sum |            0.095251|             0.189827|           0.035928|         0.321006
22   |*genblk2_4_MUX_Sum |            0.095251|             0.189827|           0.035928|         0.321006
23   |*genblk2_5_MUX_Sum |            0.095250|             0.189806|           0.035928|         0.320984
24   |*genblk2_6_MUX_Sum |            0.095248|             0.189746|           0.035928|         0.320923
25   |*genblk2_7_MUX_Sum |            0.095252|             0.189874|           0.035928|         0.321055
26   |*genblk2_8_MUX_Sum |            0.095250|             0.189814|           0.035928|         0.320993
27   |*genblk2_9_MUX_Sum |            0.095255|             0.189999|           0.035928|         0.321182
28   |*genblk2_10_MUX_Sum|            0.095255|             0.189999|           0.035928|         0.321182
29   |*genblk2_11_MUX_Sum|            0.095257|             0.190067|           0.035928|         0.321253
30   |*genblk2_12_MUX_Sum|            0.095257|             0.190067|           0.035928|         0.321253
31   |*genblk2_13_MUX_Sum|            0.095256|             0.190046|           0.035928|         0.321231
32   |*genblk2_14_MUX_Sum|            0.095255|             0.189986|           0.035928|         0.321169
33   |*genblk2_15_MUX_Sum|            0.095258|             0.190114|           0.035928|         0.321301
34   |*genblk2_16_MUX_Sum|            0.095257|             0.190054|           0.035928|         0.321240
35   |*genblk2_17_MUX_Sum|            0.095262|             0.190239|           0.035928|         0.321429
36   |*genblk2_18_MUX_Sum|            0.095262|             0.190239|           0.035928|         0.321429
37   |*genblk2_19_MUX_Sum|            0.095263|             0.190307|           0.035928|         0.321499
38   |*genblk2_20_MUX_Sum|            0.095263|             0.190307|           0.035928|         0.321499
39   |*genblk2_21_MUX_Sum|            0.095263|             0.190286|           0.035928|         0.321477
40   |*genblk2_22_MUX_Sum|            0.095261|             0.190226|           0.035928|         0.321416
41   |*genblk2_23_MUX_Sum|            0.095265|             0.190354|           0.035928|         0.321547
42   |*genblk2_24_MUX_Sum|            0.095263|             0.190294|           0.035928|         0.321486
43   |*genblk2_25_MUX_Sum|            0.095268|             0.190478|           0.035928|         0.321675
44   |*genblk2_26_MUX_Sum|            0.095268|             0.190478|           0.035928|         0.321675
45   |*genblk2_27_MUX_Sum|            0.095270|             0.190547|           0.035928|         0.321745
46   |*genblk2_28_MUX_Sum|            0.095270|             0.190547|           0.035928|         0.321745
47   |*genblk2_29_MUX_Sum|            0.095269|             0.190526|           0.035928|         0.321723
48   |*genblk2_30_MUX_Sum|            0.095268|             0.190466|           0.035928|         0.321662
49   |*genblk2_31_MUX_Sum|            0.095271|             0.190594|           0.035928|         0.321794
50   |                   |                    |                     |                   |                 
51   |*TOTAL             |           18.887035|            44.887508|           8.608213|        72.382759
-----+-------------------+--------------------+---------------------+-------------------+-----------------
