Report Instance Areas: 
-----+--------------+----------------+-----+---------
     |Instance      |Module          |Cells|Cell Area
-----+--------------+----------------+-----+---------
1    |top           |                |  132|      165
2    |  genblk1_0_F |FullAdder__0_7  |    4|        5
3    |  genblk1_1_F |FullAdder__0_11 |    4|        5
4    |  genblk1_2_F |FullAdder__0_15 |    4|        5
5    |  genblk1_3_F |FullAdder__0_19 |    4|        5
6    |  genblk1_4_F |FullAdder__0_23 |    4|        5
7    |  genblk1_5_F |FullAdder__0_27 |    4|        5
8    |  genblk1_6_F |FullAdder__0_31 |    4|        5
9    |  genblk1_7_F |FullAdder__0_35 |    4|        5
10   |  genblk1_8_F |FullAdder__0_39 |    4|        5
11   |  genblk1_9_F |FullAdder__0_43 |    4|        5
12   |  genblk1_10_F|FullAdder__0_47 |    4|        5
13   |  genblk1_11_F|FullAdder__0_51 |    4|        5
14   |  genblk1_12_F|FullAdder__0_55 |    4|        5
15   |  genblk1_13_F|FullAdder__0_59 |    4|        5
16   |  genblk1_14_F|FullAdder__0_63 |    4|        5
17   |  genblk1_15_F|FullAdder__0_67 |    4|        5
18   |  genblk1_16_F|FullAdder__0_71 |    4|        5
19   |  genblk1_17_F|FullAdder__0_75 |    4|        5
20   |  genblk1_18_F|FullAdder__0_79 |    4|        5
21   |  genblk1_19_F|FullAdder__0_83 |    4|        5
22   |  genblk1_20_F|FullAdder__0_87 |    4|        5
23   |  genblk1_21_F|FullAdder__0_91 |    4|        5
24   |  genblk1_22_F|FullAdder__0_95 |    4|        5
25   |  genblk1_23_F|FullAdder__0_99 |    4|        5
26   |  genblk1_24_F|FullAdder__0_103|    4|        5
27   |  genblk1_25_F|FullAdder__0_107|    4|        5
28   |  genblk1_26_F|FullAdder__0_111|    4|        5
29   |  genblk1_27_F|FullAdder__0_115|    4|        5
30   |  genblk1_28_F|FullAdder__0_119|    4|        5
31   |  genblk1_29_F|FullAdder__0_123|    4|        5
32   |  genblk1_30_F|FullAdder__0_127|    4|        5
33   |  genblk1_31_F|FullAdder       |    4|        5
-----+--------------+----------------+-----+---------
