Report Instance Areas: 
-----+--------------+----------------+-----+---------
     |Instance      |Module          |Cells|Cell Area
-----+--------------+----------------+-----+---------
1    |top           |                |  160|      187
2    |  genblk1_0_F |FullAdder__0_40 |    1|        2
3    |  genblk1_1_F |FullAdder__0_44 |    2|        3
4    |  genblk1_2_F |FullAdder__0_48 |    2|        3
5    |  genblk1_3_F |FullAdder__0_52 |    2|        3
6    |  genblk1_4_F |FullAdder__0_56 |    2|        3
7    |  genblk1_5_F |FullAdder__0_60 |    2|        3
8    |  genblk1_6_F |FullAdder__0_64 |    2|        3
9    |  genblk1_7_F |FullAdder__0_68 |    2|        3
10   |  genblk1_8_F |FullAdder__0_72 |    2|        3
11   |  genblk1_9_F |FullAdder__0_76 |    2|        3
12   |  genblk1_10_F|FullAdder__0_80 |    2|        3
13   |  genblk1_11_F|FullAdder__0_84 |    2|        3
14   |  genblk1_12_F|FullAdder__0_88 |    2|        3
15   |  genblk1_13_F|FullAdder__0_92 |    2|        3
16   |  genblk1_14_F|FullAdder__0_96 |    2|        3
17   |  genblk1_15_F|FullAdder__0_100|    2|        3
18   |  genblk1_16_F|FullAdder__0_104|    2|        3
19   |  genblk1_17_F|FullAdder__0_108|    2|        3
20   |  genblk1_18_F|FullAdder__0_112|    2|        3
21   |  genblk1_19_F|FullAdder__0_116|    2|        3
22   |  genblk1_20_F|FullAdder__0_120|    2|        3
23   |  genblk1_21_F|FullAdder__0_124|    2|        3
24   |  genblk1_22_F|FullAdder__0_128|    2|        3
25   |  genblk1_23_F|FullAdder__0_132|    2|        3
26   |  genblk1_24_F|FullAdder__0_136|    2|        3
27   |  genblk1_25_F|FullAdder__0_140|    2|        3
28   |  genblk1_26_F|FullAdder__0_144|    2|        3
29   |  genblk1_27_F|FullAdder__0_148|    2|        3
30   |  genblk1_28_F|FullAdder__0_152|    2|        3
31   |  genblk1_29_F|FullAdder__0_156|    2|        3
32   |  genblk1_30_F|FullAdder__0_160|    2|        3
33   |  genblk1_31_F|FullAdder       |    2|        3
-----+--------------+----------------+-----+---------
