warning: No library characterized for (process = 1.00 voltage = 0.85 temperature = 25.00) can be found in the database for power domain '/PD_TOP'  [NL-174]
Report Power (instances with prefix '*' are included in total) : 
-----+-------------+--------------------+---------------------+-------------------+-----------------
     | Instance    | Internal Power(uw) | Switching Power(uw) | Leakage Power(uw) | Total Power(uw) 
-----+-------------+--------------------+---------------------+-------------------+-----------------
1    |*genblk1_0_F |            0.085200|             0.186588|           0.036164|         0.307952
2    |*genblk1_1_F |            0.172064|             0.240195|           0.072327|         0.484587
3    |*genblk1_2_F |            0.167644|             0.240127|           0.072327|         0.480098
4    |*genblk1_3_F |            0.164380|             0.240135|           0.072327|         0.476843
5    |*genblk1_4_F |            0.162510|             0.240075|           0.072327|         0.474913
6    |*genblk1_5_F |            0.161448|             0.240007|           0.072327|         0.473782
7    |*genblk1_6_F |            0.160842|             0.240367|           0.072327|         0.473537
8    |*genblk1_7_F |            0.160497|             0.240307|           0.072327|         0.473131
9    |*genblk1_8_F |            0.160302|             0.240435|           0.072327|         0.473065
10   |*genblk1_9_F |            0.160191|             0.240435|           0.072327|         0.472954
11   |*genblk1_10_F|            0.160129|             0.240367|           0.072327|         0.472823
12   |*genblk1_11_F|            0.160094|             0.240375|           0.072327|         0.472796
13   |*genblk1_12_F|            0.160074|             0.240315|           0.072327|         0.472716
14   |*genblk1_13_F|            0.160062|             0.240247|           0.072327|         0.472636
15   |*genblk1_14_F|            0.160057|             0.240607|           0.072327|         0.472991
16   |*genblk1_15_F|            0.160054|             0.240547|           0.072327|         0.472928
17   |*genblk1_16_F|            0.160052|             0.240675|           0.072327|         0.473055
18   |*genblk1_17_F|            0.160051|             0.240675|           0.072327|         0.473054
19   |*genblk1_18_F|            0.160050|             0.240607|           0.072327|         0.472984
20   |*genblk1_19_F|            0.160050|             0.240615|           0.072327|         0.472993
21   |*genblk1_20_F|            0.160049|             0.240555|           0.072327|         0.472932
22   |*genblk1_21_F|            0.160049|             0.240487|           0.072327|         0.472863
23   |*genblk1_22_F|            0.160050|             0.240847|           0.072327|         0.473224
24   |*genblk1_23_F|            0.160050|             0.240787|           0.072327|         0.473164
25   |*genblk1_24_F|            0.160051|             0.240915|           0.072327|         0.473293
26   |*genblk1_25_F|            0.160051|             0.240915|           0.072327|         0.473293
27   |*genblk1_26_F|            0.160050|             0.240847|           0.072327|         0.473224
28   |*genblk1_27_F|            0.160050|             0.240855|           0.072327|         0.473233
29   |*genblk1_28_F|            0.160050|             0.240795|           0.072327|         0.473173
30   |*genblk1_29_F|            0.160050|             0.240727|           0.072327|         0.473104
31   |*genblk1_30_F|            0.160051|             0.241086|           0.072327|         0.473465
32   |*genblk1_31_F|            0.160004|             0.370921|           0.072327|         0.603252
33   |*i_0_0_0     |            0.034347|             0.182654|           0.017393|         0.234395
34   |*i_0_0_1     |            0.056523|             0.062624|           0.022619|         0.141766
35   |*i_0_0_2     |            0.034048|             0.117886|           0.017393|         0.169327
36   |*i_0_0_3     |            0.056523|             0.062624|           0.022619|         0.141766
37   |*i_0_0_4     |            0.043272|             0.045828|           0.017393|         0.106493
38   |*i_0_0_5     |            0.033208|             0.117886|           0.017393|         0.168487
39   |*i_0_0_6     |            0.043157|             0.047598|           0.017393|         0.108149
40   |*i_0_0_7     |            0.056606|             0.060312|           0.022619|         0.139537
41   |*i_0_0_8     |            0.034048|             0.117886|           0.017393|         0.169327
42   |*i_0_0_9     |            0.056523|             0.062624|           0.022619|         0.141766
43   |*i_0_0_10    |            0.043272|             0.045828|           0.017393|         0.106493
44   |*i_0_0_11    |            0.033208|             0.117886|           0.017393|         0.168487
45   |*i_0_0_12    |            0.043157|             0.047598|           0.017393|         0.108149
46   |*i_0_0_13    |            0.056606|             0.060312|           0.022619|         0.139537
47   |*i_0_0_14    |            0.034048|             0.117886|           0.017393|         0.169327
48   |*i_0_0_15    |            0.056523|             0.062624|           0.022619|         0.141766
49   |*i_0_0_16    |            0.043272|             0.045828|           0.017393|         0.106493
50   |*i_0_0_17    |            0.033208|             0.117886|           0.017393|         0.168487
51   |*i_0_0_18    |            0.043157|             0.047598|           0.017393|         0.108149
52   |*i_0_0_19    |            0.056606|             0.060312|           0.022619|         0.139537
53   |*i_0_0_20    |            0.034048|             0.117886|           0.017393|         0.169327
54   |*i_0_0_21    |            0.056523|             0.062624|           0.022619|         0.141766
55   |*i_0_0_22    |            0.043272|             0.045828|           0.017393|         0.106493
56   |*i_0_0_23    |            0.033208|             0.117886|           0.017393|         0.168487
57   |*i_0_0_24    |            0.043157|             0.047598|           0.017393|         0.108149
58   |*i_0_0_25    |            0.056606|             0.060312|           0.022619|         0.139537
59   |*i_0_0_26    |            0.034048|             0.117886|           0.017393|         0.169327
60   |*i_0_0_27    |            0.056523|             0.062624|           0.022619|         0.141766
61   |*i_0_0_28    |            0.043272|             0.045828|           0.017393|         0.106493
62   |*i_0_0_29    |            0.033208|             0.117886|           0.017393|         0.168487
63   |*i_0_0_30    |            0.043157|             0.047598|           0.017393|         0.108149
64   |*i_0_0_31    |            0.056606|             0.060312|           0.022619|         0.139537
65   |*i_0_0_32    |            0.034048|             0.117886|           0.017393|         0.169327
66   |*i_0_0_33    |            0.056523|             0.062624|           0.022619|         0.141766
67   |*i_0_0_34    |            0.043272|             0.045828|           0.017393|         0.106493
68   |*i_0_0_35    |            0.033208|             0.117886|           0.017393|         0.168487
69   |*i_0_0_36    |            0.043157|             0.047598|           0.017393|         0.108149
70   |*i_0_0_37    |            0.056606|             0.060312|           0.022619|         0.139537
71   |*i_0_0_38    |            0.034048|             0.117886|           0.017393|         0.169328
72   |*i_0_0_39    |            0.056522|             0.062623|           0.022619|         0.141765
73   |*i_0_0_40    |            0.043272|             0.045828|           0.017393|         0.106493
74   |*i_0_0_41    |            0.033208|             0.117887|           0.017393|         0.168489
75   |*i_0_0_42    |            0.043157|             0.047598|           0.017393|         0.108149
76   |*i_0_0_43    |            0.056605|             0.060311|           0.022619|         0.139535
77   |*i_0_0_44    |            0.034048|             0.117888|           0.017393|         0.169330
78   |*i_0_0_45    |            0.056521|             0.062622|           0.022619|         0.141762
79   |*i_0_0_46    |            0.043272|             0.045828|           0.017393|         0.106493
80   |*i_0_0_47    |            0.033209|             0.117890|           0.017393|         0.168493
81   |*i_0_0_48    |            0.043157|             0.047598|           0.017393|         0.108149
82   |*i_0_0_49    |            0.056603|             0.060309|           0.022619|         0.139531
83   |*i_0_0_50    |            0.034050|             0.117894|           0.017393|         0.169338
84   |*i_0_0_51    |            0.056517|             0.062618|           0.022619|         0.141754
85   |*i_0_0_52    |            0.043272|             0.045828|           0.017393|         0.106493
86   |*i_0_0_53    |            0.033212|             0.117901|           0.017393|         0.168507
87   |*i_0_0_54    |            0.043157|             0.047598|           0.017393|         0.108149
88   |*i_0_0_55    |            0.056596|             0.060302|           0.022619|         0.139517
89   |*i_0_0_56    |            0.034055|             0.117913|           0.017393|         0.169361
90   |*i_0_0_57    |            0.056505|             0.062605|           0.022619|         0.141729
91   |*i_0_0_58    |            0.043272|             0.045828|           0.017393|         0.106493
92   |*i_0_0_59    |            0.033222|             0.117933|           0.017393|         0.168549
93   |*i_0_0_60    |            0.043157|             0.047598|           0.017393|         0.108149
94   |*i_0_0_61    |            0.056575|             0.060279|           0.022619|         0.139473
95   |*i_0_0_62    |            0.034070|             0.117970|           0.017393|         0.169434
96   |*i_0_0_63    |            0.056467|             0.062563|           0.022619|         0.141649
97   |*i_0_0_64    |            0.043272|             0.045828|           0.017393|         0.106493
98   |*i_0_0_65    |            0.033253|             0.118035|           0.017393|         0.168682
99   |*i_0_0_66    |            0.043157|             0.047598|           0.017393|         0.108149
100  |*i_0_0_67    |            0.056505|             0.060207|           0.022619|         0.139331
101  |*i_0_0_68    |            0.034117|             0.118148|           0.017393|         0.169658
102  |*i_0_0_69    |            0.056341|             0.062426|           0.022619|         0.141387
103  |*i_0_0_70    |            0.043272|             0.045828|           0.017393|         0.106493
104  |*i_0_0_71    |            0.033348|             0.118341|           0.017393|         0.169083
105  |*i_0_0_72    |            0.043157|             0.047598|           0.017393|         0.108149
106  |*i_0_0_73    |            0.056274|             0.059964|           0.022619|         0.138858
107  |*i_0_0_74    |            0.034252|             0.118663|           0.017393|         0.170309
108  |*i_0_0_75    |            0.055908|             0.061951|           0.022619|         0.140478
109  |*i_0_0_76    |            0.043272|             0.045828|           0.017393|         0.106493
110  |*i_0_0_77    |            0.033612|             0.119166|           0.017393|         0.170172
111  |*i_0_0_78    |            0.043157|             0.047598|           0.017393|         0.108149
112  |*i_0_0_79    |            0.055425|             0.059067|           0.022619|         0.137112
113  |*i_0_0_80    |            0.034531|             0.119839|           0.017393|         0.171764
114  |*i_0_0_81    |            0.054159|             0.060022|           0.022619|         0.136800
115  |*i_0_0_82    |            0.043272|             0.045828|           0.017393|         0.106493
116  |*i_0_0_83    |            0.034099|             0.120340|           0.017393|         0.171832
117  |*i_0_0_84    |            0.043157|             0.047598|           0.017393|         0.108149
118  |*i_0_0_85    |            0.051548|             0.054930|           0.022619|         0.129097
119  |*i_0_0_86    |            0.033934|             0.119028|           0.017393|         0.170355
120  |*i_0_0_87    |            0.044842|             0.049647|           0.022619|         0.117108
121  |*i_0_0_88    |            0.043272|             0.045828|           0.017393|         0.106493
122  |*i_0_0_89    |            0.031223|             0.109735|           0.021200|         0.162158
123  |*i_0_0_90    |            0.042930|             0.062821|           0.021200|         0.126950
124  |*i_0_0_91    |            0.057906|             0.067556|           0.027858|         0.153321
125  |*i_0_0_92    |            0.060846|             0.143553|           0.025066|         0.229465
126  |*i_0_0_93    |            0.039004|             0.133879|           0.034026|         0.206909
127  |*i_0_0_94    |            0.029393|             0.049697|           0.017393|         0.096484
128  |*i_0_0_95    |            0.040254|             0.096158|           0.017393|         0.153805
129  |*i_0_0_96    |            0.052367|             0.060954|           0.014353|         0.127674
130  |             |                    |                     |                   |                 
131  |*TOTAL       |            9.370868|            15.284277|           4.161591|        28.816736
-----+-------------+--------------------+---------------------+-------------------+-----------------
