Report for group default
Report for group I2R
Report for group I2O
------------------------------------------------------------------------------------------------------------------------------------------------------------
Startpoint: A[0]
    (Clocked by vsysclk R)
Endpoint: Overflow
    (Clocked by vsysclk R)
Path Group: I2O
Data required time: 19500.0
    (Clock shift: 20000.0, minus Uncertainty: 0.0, plus Latency 0.0, minus Out delay: 500.0)
Data arrival time: 2290.4
Slack: 17209.6
Logic depth: 63
------------------------------------------------------------------------------------------------------------------------------------------------------------
                                                     Arrival               Arc      Net               Net    Total   fan-                                   
Path                     Module/Cell           Edge     Time    Delay    Delay    Delay     Slew     Load     Load    out     Location Power Domain      (V)
                                                        (ps)     (ps)     (ps)     (ps)     (ps)     (ff)     (ff)    (#)      (um,um)                      
------------------------------------------------------------------------------------------------------------------------------------------------------------
A[0]                     {set_input_delay}        r   1000.0   1000.0   1000.0                        2.3      7.9      2     0,   39                       
i_0_0_92/A1->ZN          AND2_X4                 rr   1051.5     51.5     51.3      0.2    100.0      0.8     12.7      3    39,   38  /PD_TOP        (1.10)
i_0_0_91/B2->ZN          AOI21_X4                rf   1067.2     15.7     15.7      0.0     12.2      0.3      4.5      1    39,   38  /PD_TOP        (1.10)
i_0_0_89/A1->ZN          NOR2_X4                 fr   1094.5     27.3     27.3      0.0      7.8      0.6      8.0      2    39,   38  /PD_TOP        (1.10)
i_0_0_87/A->ZN           OAI21_X4                rf   1115.5     21.0     21.0      0.0     19.6      0.3      4.2      1    39,   38  /PD_TOP        (1.10)
i_0_0_86/A2->ZN          NAND2_X4                fr   1134.7     19.2     19.2      0.0      9.4      0.6      8.0      2    39,   38  /PD_TOP        (1.10)
i_0_0_85/A->ZN           OAI21_X4                rf   1153.3     18.6     18.6      0.0     11.4      0.3      4.1      1    39,   38  /PD_TOP        (1.10)
i_0_0_83/A1->ZN          NAND2_X4                fr   1169.9     16.6     16.6      0.0      9.3      0.6      8.0      2    39,   38  /PD_TOP        (1.10)
i_0_0_81/A->ZN           OAI21_X4                rf   1188.6     18.7     18.7      0.0     11.4      0.3      4.2      1    39,   38  /PD_TOP        (1.10)
i_0_0_80/A2->ZN          NAND2_X4                fr   1207.8     19.2     19.2      0.0      9.4      0.6      8.0      2    39,   38  /PD_TOP        (1.10)
i_0_0_79/A->ZN           OAI21_X4                rf   1226.4     18.6     18.6      0.0     11.4      0.3      4.1      1    39,   38  /PD_TOP        (1.10)
i_0_0_77/A1->ZN          NAND2_X4                fr   1243.0     16.6     16.6      0.0      9.3      0.6      8.0      2    39,   38  /PD_TOP        (1.10)
i_0_0_75/A->ZN           OAI21_X4                rf   1261.7     18.7     18.7      0.0     11.4      0.3      4.2      1    39,   38  /PD_TOP        (1.10)
i_0_0_74/A2->ZN          NAND2_X4                fr   1280.9     19.2     19.2      0.0      9.4      0.6      8.0      2    39,   38  /PD_TOP        (1.10)
i_0_0_73/A->ZN           OAI21_X4                rf   1299.5     18.6     18.6      0.0     11.4      0.3      4.1      1    39,   38  /PD_TOP        (1.10)
i_0_0_71/A1->ZN          NAND2_X4                fr   1316.1     16.6     16.6      0.0      9.3      0.6      8.0      2    39,   38  /PD_TOP        (1.10)
i_0_0_69/A->ZN           OAI21_X4                rf   1334.8     18.7     18.7      0.0     11.4      0.3      4.2      1    39,   38  /PD_TOP        (1.10)
i_0_0_68/A2->ZN          NAND2_X4                fr   1354.0     19.2     19.2      0.0      9.4      0.6      8.0      2    39,   38  /PD_TOP        (1.10)
i_0_0_67/A->ZN           OAI21_X4                rf   1372.6     18.6     18.6      0.0     11.4      0.3      4.1      1    39,   38  /PD_TOP        (1.10)
i_0_0_65/A1->ZN          NAND2_X4                fr   1389.2     16.6     16.6      0.0      9.3      0.6      8.0      2    39,   38  /PD_TOP        (1.10)
i_0_0_63/A->ZN           OAI21_X4                rf   1407.9     18.7     18.7      0.0     11.4      0.3      4.2      1    39,   38  /PD_TOP        (1.10)
i_0_0_62/A2->ZN          NAND2_X4                fr   1427.1     19.2     19.2      0.0      9.4      0.6      8.0      2    39,   38  /PD_TOP        (1.10)
i_0_0_61/A->ZN           OAI21_X4                rf   1445.7     18.6     18.6      0.0     11.4      0.3      4.1      1    39,   38  /PD_TOP        (1.10)
i_0_0_59/A1->ZN          NAND2_X4                fr   1462.3     16.6     16.6      0.0      9.3      0.6      8.0      2    39,   38  /PD_TOP        (1.10)
i_0_0_57/A->ZN           OAI21_X4                rf   1481.0     18.7     18.7      0.0     11.4      0.3      4.2      1    39,   38  /PD_TOP        (1.10)
i_0_0_56/A2->ZN          NAND2_X4                fr   1500.2     19.2     19.2      0.0      9.4      0.6      8.0      2    39,   38  /PD_TOP        (1.10)
i_0_0_55/A->ZN           OAI21_X4                rf   1518.8     18.6     18.6      0.0     11.4      0.3      4.1      1    39,   38  /PD_TOP        (1.10)
i_0_0_53/A1->ZN          NAND2_X4                fr   1535.4     16.6     16.6      0.0      9.3      0.6      8.0      2    39,   38  /PD_TOP        (1.10)
i_0_0_51/A->ZN           OAI21_X4                rf   1554.1     18.7     18.7      0.0     11.4      0.3      4.2      1    39,   38  /PD_TOP        (1.10)
i_0_0_50/A2->ZN          NAND2_X4                fr   1573.3     19.2     19.2      0.0      9.4      0.6      8.0      2    39,   38  /PD_TOP        (1.10)
i_0_0_49/A->ZN           OAI21_X4                rf   1591.9     18.6     18.6      0.0     11.4      0.3      4.1      1    39,   38  /PD_TOP        (1.10)
i_0_0_47/A1->ZN          NAND2_X4                fr   1608.5     16.6     16.6      0.0      9.3      0.6      8.0      2    39,   38  /PD_TOP        (1.10)
i_0_0_45/A->ZN           OAI21_X4                rf   1627.2     18.7     18.7      0.0     11.4      0.3      4.2      1    39,   38  /PD_TOP        (1.10)
i_0_0_44/A2->ZN          NAND2_X4                fr   1646.4     19.2     19.2      0.0      9.4      0.6      8.0      2    39,   38  /PD_TOP        (1.10)
i_0_0_43/A->ZN           OAI21_X4                rf   1665.0     18.6     18.6      0.0     11.4      0.3      4.1      1    39,   38  /PD_TOP        (1.10)
i_0_0_41/A1->ZN          NAND2_X4                fr   1681.6     16.6     16.6      0.0      9.3      0.6      8.0      2    39,   38  /PD_TOP        (1.10)
i_0_0_39/A->ZN           OAI21_X4                rf   1700.3     18.7     18.7      0.0     11.4      0.3      4.2      1    39,   38  /PD_TOP        (1.10)
i_0_0_38/A2->ZN          NAND2_X4                fr   1719.5     19.2     19.2      0.0      9.4      0.6      8.0      2    39,   38  /PD_TOP        (1.10)
i_0_0_37/A->ZN           OAI21_X4                rf   1738.1     18.6     18.6      0.0     11.4      0.3      4.1      1    39,   38  /PD_TOP        (1.10)
i_0_0_35/A1->ZN          NAND2_X4                fr   1754.7     16.6     16.6      0.0      9.3      0.6      8.0      2    39,   38  /PD_TOP        (1.10)
i_0_0_33/A->ZN           OAI21_X4                rf   1773.4     18.7     18.7      0.0     11.4      0.3      4.2      1    39,   38  /PD_TOP        (1.10)
i_0_0_32/A2->ZN          NAND2_X4                fr   1792.6     19.2     19.2      0.0      9.4      0.6      8.0      2    39,   38  /PD_TOP        (1.10)
i_0_0_31/A->ZN           OAI21_X4                rf   1811.2     18.6     18.6      0.0     11.4      0.3      4.1      1    39,   38  /PD_TOP        (1.10)
i_0_0_29/A1->ZN          NAND2_X4                fr   1827.8     16.6     16.6      0.0      9.3      0.6      8.0      2    39,   38  /PD_TOP        (1.10)
i_0_0_27/A->ZN           OAI21_X4                rf   1846.5     18.7     18.7      0.0     11.4      0.3      4.2      1    39,   38  /PD_TOP        (1.10)
i_0_0_26/A2->ZN          NAND2_X4                fr   1865.7     19.2     19.2      0.0      9.4      0.6      8.0      2    39,   38  /PD_TOP        (1.10)
i_0_0_25/A->ZN           OAI21_X4                rf   1884.3     18.6     18.6      0.0     11.4      0.3      4.1      1    39,   38  /PD_TOP        (1.10)
i_0_0_23/A1->ZN          NAND2_X4                fr   1900.9     16.6     16.6      0.0      9.3      0.6      8.0      2    39,   38  /PD_TOP        (1.10)
i_0_0_21/A->ZN           OAI21_X4                rf   1919.6     18.7     18.7      0.0     11.4      0.3      4.2      1    39,   38  /PD_TOP        (1.10)
i_0_0_20/A2->ZN          NAND2_X4                fr   1938.8     19.2     19.2      0.0      9.4      0.6      8.0      2    39,   38  /PD_TOP        (1.10)
i_0_0_19/A->ZN           OAI21_X4                rf   1957.4     18.6     18.6      0.0     11.4      0.3      4.1      1    39,   38  /PD_TOP        (1.10)
i_0_0_17/A1->ZN          NAND2_X4                fr   1974.0     16.6     16.6      0.0      9.3      0.6      8.0      2    39,   38  /PD_TOP        (1.10)
i_0_0_15/A->ZN           OAI21_X4                rf   1992.7     18.7     18.7      0.0     11.4      0.3      4.2      1    39,   38  /PD_TOP        (1.10)
i_0_0_14/A2->ZN          NAND2_X4                fr   2011.9     19.2     19.2      0.0      9.4      0.6      8.0      2    39,   38  /PD_TOP        (1.10)
i_0_0_13/A->ZN           OAI21_X4                rf   2030.5     18.6     18.6      0.0     11.4      0.3      4.1      1    39,   38  /PD_TOP        (1.10)
i_0_0_11/A1->ZN          NAND2_X4                fr   2047.1     16.6     16.6      0.0      9.3      0.6      8.0      2    39,   38  /PD_TOP        (1.10)
i_0_0_9/A->ZN            OAI21_X4                rf   2065.8     18.7     18.7      0.0     11.4      0.3      4.2      1    39,   38  /PD_TOP        (1.10)
i_0_0_8/A2->ZN           NAND2_X4                fr   2085.0     19.2     19.2      0.0      9.4      0.6      8.0      2    39,   38  /PD_TOP        (1.10)
i_0_0_7/A->ZN            OAI21_X4                rf   2103.6     18.6     18.6      0.0     11.4      0.3      4.1      1    39,   38  /PD_TOP        (1.10)
i_0_0_5/A1->ZN           NAND2_X4                fr   2120.2     16.6     16.6      0.0      9.3      0.6      8.0      2    39,   38  /PD_TOP        (1.10)
i_0_0_3/A->ZN            OAI21_X4                rf   2138.9     18.7     18.7      0.0     11.4      0.3      4.2      1    39,   38  /PD_TOP        (1.10)
i_0_0_2/A2->ZN           NAND2_X4                fr   2158.1     19.2     19.2      0.0      9.4      0.6      8.0      2    39,   38  /PD_TOP        (1.10)
genblk1_31_F/i_0_1/B->Z  XOR2_X2                 rr   2251.0     92.9     92.9      0.0     11.4      0.6     21.0      3    39,   38  /PD_TOP        (1.10)
i_0_0_93/B2->ZN          OAI22_X4                rf   2290.2     39.2     39.2      0.0     65.2      2.3     12.3      1    39,   38  /PD_TOP        (1.10)
Overflow                                          f   2290.4      0.2               0.2     14.5                              0,   40                       
------------------------------------------------------------------------------------------------------------------------------------------------------------
Report for group R2O
