warning: No library characterized for (process = 1.00 voltage = 0.85 temperature = 25.00) can be found in the database for power domain '/PD_TOP'  [NL-174]
Report Power (instances with prefix '*' are included in total) : 
-----+-------------------------------------+--------------------+---------------------+-------------------+-----------------
     | Instance                            | Internal Power(uw) | Switching Power(uw) | Leakage Power(uw) | Total Power(uw) 
-----+-------------------------------------+--------------------+---------------------+-------------------+-----------------
1    |*BAMMultiplier                       |         1352.099365|          3728.465332|         224.093552|      5304.658203
2    |*InputRegisterA_clk_gate_register_reg|            0.872317|             0.000000|           0.059138|         0.931455
3    |*InputRegisterA_register_reg[31]     |            0.393491|             0.047497|           0.086213|         0.527201
4    |*InputRegisterA_register_reg[30]     |            0.393491|             0.047497|           0.086213|         0.527201
5    |*InputRegisterA_register_reg[29]     |            0.393491|             0.047497|           0.086213|         0.527201
6    |*InputRegisterA_register_reg[28]     |            0.393491|             0.047497|           0.086213|         0.527201
7    |*InputRegisterA_register_reg[27]     |            0.393491|             0.047497|           0.086213|         0.527201
8    |*InputRegisterA_register_reg[26]     |            0.393491|             0.047497|           0.086213|         0.527201
9    |*InputRegisterA_register_reg[25]     |            0.393491|             0.047497|           0.086213|         0.527201
10   |*InputRegisterA_register_reg[24]     |            0.393491|             0.047497|           0.086213|         0.527201
11   |*InputRegisterA_register_reg[23]     |            0.393491|             0.047497|           0.086213|         0.527201
12   |*InputRegisterA_register_reg[22]     |            0.393491|             0.047497|           0.086213|         0.527201
13   |*InputRegisterA_register_reg[21]     |            0.393491|             0.047497|           0.086213|         0.527201
14   |*InputRegisterA_register_reg[20]     |            0.393491|             0.047497|           0.086213|         0.527201
15   |*InputRegisterA_register_reg[19]     |            0.393491|             0.047497|           0.086213|         0.527201
16   |*InputRegisterA_register_reg[18]     |            0.393491|             0.047497|           0.086213|         0.527201
17   |*InputRegisterA_register_reg[17]     |            0.393491|             0.047497|           0.086213|         0.527201
18   |*InputRegisterA_register_reg[16]     |            0.393491|             0.047497|           0.086213|         0.527201
19   |*InputRegisterA_register_reg[15]     |            0.393491|             0.047497|           0.086213|         0.527201
20   |*InputRegisterA_register_reg[14]     |            0.393491|             0.047497|           0.086213|         0.527201
21   |*InputRegisterA_register_reg[13]     |            0.393491|             0.047497|           0.086213|         0.527201
22   |*InputRegisterA_register_reg[12]     |            0.393491|             0.047497|           0.086213|         0.527201
23   |*InputRegisterA_register_reg[11]     |            0.393491|             0.047497|           0.086213|         0.527201
24   |*InputRegisterA_register_reg[10]     |            0.393491|             0.047497|           0.086213|         0.527201
25   |*InputRegisterA_register_reg[9]      |            0.393491|             0.047497|           0.086213|         0.527201
26   |*InputRegisterA_register_reg[8]      |            0.393491|             0.047497|           0.086213|         0.527201
27   |*InputRegisterA_register_reg[7]      |            0.393491|             0.047497|           0.086213|         0.527201
28   |*InputRegisterA_register_reg[6]      |            0.393491|             0.047497|           0.086213|         0.527201
29   |*InputRegisterA_register_reg[5]      |            0.393491|             0.047497|           0.086213|         0.527201
30   |*InputRegisterA_register_reg[4]      |            0.393491|             0.047497|           0.086213|         0.527201
31   |*InputRegisterA_register_reg[3]      |            0.393491|             0.047497|           0.086213|         0.527201
32   |*InputRegisterA_register_reg[2]      |            0.393491|             0.047497|           0.086213|         0.527201
33   |*InputRegisterA_register_reg[1]      |            0.393491|             0.047497|           0.086213|         0.527201
34   |*InputRegisterA_register_reg[0]      |            0.393491|             0.047497|           0.086213|         0.527201
35   |*InputRegisterA_dataOut_reg[31]      |            0.853714|             1.161670|           0.079112|         2.094497
36   |*InputRegisterA_dataOut_reg[30]      |            0.854464|             2.496198|           0.079112|         3.429775
37   |*InputRegisterA_dataOut_reg[29]      |            0.854499|             2.759730|           0.079112|         3.693341
38   |*InputRegisterA_dataOut_reg[28]      |            0.854501|             2.779604|           0.079112|         3.713218
39   |*InputRegisterA_dataOut_reg[27]      |            0.854497|             2.744108|           0.079112|         3.677718
40   |*InputRegisterA_dataOut_reg[26]      |            0.854498|             2.750686|           0.079112|         3.684296
41   |*InputRegisterA_dataOut_reg[25]      |            0.854499|             2.759730|           0.079112|         3.693341
42   |*InputRegisterA_dataOut_reg[24]      |            0.854497|             2.744108|           0.079112|         3.677718
43   |*InputRegisterA_dataOut_reg[23]      |            0.854497|             2.744108|           0.079112|         3.677718
44   |*InputRegisterA_dataOut_reg[22]      |            0.854498|             2.750686|           0.079112|         3.684296
45   |*InputRegisterA_dataOut_reg[21]      |            0.854499|             2.759730|           0.079112|         3.693341
46   |*InputRegisterA_dataOut_reg[20]      |            0.854501|             2.779604|           0.079112|         3.713218
47   |*InputRegisterA_dataOut_reg[19]      |            0.854498|             2.750686|           0.079112|         3.684296
48   |*InputRegisterA_dataOut_reg[18]      |            0.854499|             2.759730|           0.079112|         3.693341
49   |*InputRegisterA_dataOut_reg[17]      |            0.854501|             2.779604|           0.079112|         3.713218
50   |*InputRegisterA_dataOut_reg[16]      |            0.854501|             2.779604|           0.079112|         3.713218
51   |*InputRegisterA_dataOut_reg[15]      |            0.854497|             2.744108|           0.079112|         3.677718
52   |*InputRegisterA_dataOut_reg[14]      |            0.854497|             2.744108|           0.079112|         3.677718
53   |*InputRegisterA_dataOut_reg[13]      |            0.854498|             2.750686|           0.079112|         3.684296
54   |*InputRegisterA_dataOut_reg[12]      |            0.854499|             2.759730|           0.079112|         3.693341
55   |*InputRegisterA_dataOut_reg[11]      |            0.854501|             2.779604|           0.079112|         3.713218
56   |*InputRegisterA_dataOut_reg[10]      |            0.854498|             2.750686|           0.079112|         3.684296
57   |*InputRegisterA_dataOut_reg[9]       |            0.854499|             2.759730|           0.079112|         3.693341
58   |*InputRegisterA_dataOut_reg[8]       |            0.854501|             2.779604|           0.079112|         3.713218
59   |*InputRegisterA_dataOut_reg[7]       |            0.854497|             2.744108|           0.079112|         3.677718
60   |*InputRegisterA_dataOut_reg[6]       |            0.854497|             2.744108|           0.079112|         3.677718
61   |*InputRegisterA_dataOut_reg[5]       |            0.854498|             2.750686|           0.079112|         3.684296
62   |*InputRegisterA_dataOut_reg[4]       |            0.854499|             2.759730|           0.079112|         3.693341
63   |*InputRegisterA_dataOut_reg[3]       |            0.854501|             2.779604|           0.079112|         3.713218
64   |*InputRegisterA_dataOut_reg[2]       |            0.854498|             2.750686|           0.079112|         3.684296
65   |*InputRegisterA_dataOut_reg[1]       |            0.854551|             3.155473|           0.079112|         4.089136
66   |*InputRegisterA_dataOut_reg[0]       |            0.854506|             2.815745|           0.079112|         3.749364
67   |*InputRegisterB_clk_gate_register_reg|            0.872317|             0.000000|           0.059138|         0.931455
68   |*InputRegisterB_register_reg[31]     |            0.393491|             0.047497|           0.086213|         0.527201
69   |*InputRegisterB_register_reg[30]     |            0.393491|             0.047497|           0.086213|         0.527201
70   |*InputRegisterB_register_reg[29]     |            0.393491|             0.047497|           0.086213|         0.527201
71   |*InputRegisterB_register_reg[28]     |            0.393491|             0.047497|           0.086213|         0.527201
72   |*InputRegisterB_register_reg[27]     |            0.393491|             0.047497|           0.086213|         0.527201
73   |*InputRegisterB_register_reg[26]     |            0.393491|             0.047497|           0.086213|         0.527201
74   |*InputRegisterB_register_reg[25]     |            0.393491|             0.047497|           0.086213|         0.527201
75   |*InputRegisterB_register_reg[24]     |            0.393491|             0.047497|           0.086213|         0.527201
76   |*InputRegisterB_register_reg[23]     |            0.393491|             0.047497|           0.086213|         0.527201
77   |*InputRegisterB_register_reg[22]     |            0.393491|             0.047497|           0.086213|         0.527201
78   |*InputRegisterB_register_reg[21]     |            0.393491|             0.047497|           0.086213|         0.527201
79   |*InputRegisterB_register_reg[20]     |            0.393491|             0.047497|           0.086213|         0.527201
80   |*InputRegisterB_register_reg[19]     |            0.393491|             0.047497|           0.086213|         0.527201
81   |*InputRegisterB_register_reg[18]     |            0.393491|             0.047497|           0.086213|         0.527201
82   |*InputRegisterB_register_reg[17]     |            0.393491|             0.047497|           0.086213|         0.527201
83   |*InputRegisterB_register_reg[16]     |            0.393491|             0.047497|           0.086213|         0.527201
84   |*InputRegisterB_register_reg[15]     |            0.393491|             0.047497|           0.086213|         0.527201
85   |*InputRegisterB_register_reg[14]     |            0.393491|             0.047497|           0.086213|         0.527201
86   |*InputRegisterB_register_reg[13]     |            0.393491|             0.047497|           0.086213|         0.527201
87   |*InputRegisterB_register_reg[12]     |            0.393491|             0.047497|           0.086213|         0.527201
88   |*InputRegisterB_register_reg[11]     |            0.393491|             0.047497|           0.086213|         0.527201
89   |*InputRegisterB_register_reg[10]     |            0.393491|             0.047497|           0.086213|         0.527201
90   |*InputRegisterB_register_reg[9]      |            0.393491|             0.047497|           0.086213|         0.527201
91   |*InputRegisterB_register_reg[8]      |            0.393491|             0.047497|           0.086213|         0.527201
92   |*InputRegisterB_register_reg[7]      |            0.393491|             0.047497|           0.086213|         0.527201
93   |*InputRegisterB_register_reg[6]      |            0.393491|             0.047497|           0.086213|         0.527201
94   |*InputRegisterB_register_reg[5]      |            0.393491|             0.047497|           0.086213|         0.527201
95   |*InputRegisterB_register_reg[4]      |            0.393491|             0.047497|           0.086213|         0.527201
96   |*InputRegisterB_register_reg[3]      |            0.393491|             0.047497|           0.086213|         0.527201
97   |*InputRegisterB_register_reg[2]      |            0.393491|             0.047497|           0.086213|         0.527201
98   |*InputRegisterB_register_reg[1]      |            0.393491|             0.047497|           0.086213|         0.527201
99   |*InputRegisterB_register_reg[0]      |            0.393491|             0.047497|           0.086213|         0.527201
100  |*InputRegisterB_dataOut_reg[31]      |            0.855329|             9.071402|           0.079112|        10.005842
101  |*InputRegisterB_dataOut_reg[30]      |            0.861469|            55.792206|           0.079112|        56.732784
102  |*InputRegisterB_dataOut_reg[29]      |            0.855340|             9.155168|           0.079112|        10.089620
103  |*InputRegisterB_dataOut_reg[28]      |            0.855372|             9.398956|           0.079112|        10.333440
104  |*InputRegisterB_dataOut_reg[27]      |            0.855469|            10.137572|           0.079112|        11.072153
105  |*InputRegisterB_dataOut_reg[26]      |            0.855312|             8.948901|           0.079112|         9.883325
106  |*InputRegisterB_dataOut_reg[25]      |            0.855303|             8.879328|           0.079112|         9.813743
107  |*InputRegisterB_dataOut_reg[24]      |            0.855332|             9.097020|           0.079112|        10.031464
108  |*InputRegisterB_dataOut_reg[23]      |            0.855312|             8.942324|           0.079112|         9.876748
109  |*InputRegisterB_dataOut_reg[22]      |            0.855296|             8.827910|           0.079112|         9.762318
110  |*InputRegisterB_dataOut_reg[21]      |            0.855469|            10.144149|           0.079112|        11.078730
111  |*InputRegisterB_dataOut_reg[20]      |            0.855311|             8.940033|           0.079112|         9.874456
112  |*InputRegisterB_dataOut_reg[19]      |            0.855340|             9.155168|           0.079112|        10.089620
113  |*InputRegisterB_dataOut_reg[18]      |            0.855372|             9.398956|           0.079112|        10.333440
114  |*InputRegisterB_dataOut_reg[17]      |            0.855301|             8.863404|           0.079112|         9.797817
115  |*InputRegisterB_dataOut_reg[16]      |            0.855306|             8.899201|           0.079112|         9.833619
116  |*InputRegisterB_dataOut_reg[15]      |            0.855328|             9.070611|           0.079112|        10.005051
117  |*InputRegisterB_dataOut_reg[14]      |            0.855469|            10.140528|           0.079112|        11.075109
118  |*InputRegisterB_dataOut_reg[13]      |            0.855311|             8.935556|           0.079112|         9.869979
119  |*InputRegisterB_dataOut_reg[12]      |            0.855345|             9.200485|           0.079112|        10.134942
120  |*InputRegisterB_dataOut_reg[11]      |            0.855296|             8.827910|           0.079112|         9.762318
121  |*InputRegisterB_dataOut_reg[10]      |            0.855297|             8.834486|           0.079112|         9.768895
122  |*InputRegisterB_dataOut_reg[9]       |            0.855303|             8.879328|           0.079112|         9.813743
123  |*InputRegisterB_dataOut_reg[8]       |            0.855333|             9.106106|           0.079112|        10.040551
124  |*InputRegisterB_dataOut_reg[7]       |            0.855296|             8.827910|           0.079112|         9.762318
125  |*InputRegisterB_dataOut_reg[6]       |            0.855469|            10.144149|           0.079112|        11.078730
126  |*InputRegisterB_dataOut_reg[5]       |            0.855311|             8.937048|           0.079112|         9.871471
127  |*InputRegisterB_dataOut_reg[4]       |            0.855345|             9.200710|           0.079112|        10.135168
128  |*InputRegisterB_dataOut_reg[3]       |            0.855297|             8.834486|           0.079112|         9.768895
129  |*InputRegisterB_dataOut_reg[2]       |            0.855300|             8.854530|           0.079112|         9.788942
130  |*InputRegisterB_dataOut_reg[1]       |            0.855330|             9.086028|           0.079112|        10.020470
131  |*InputRegisterB_dataOut_reg[0]       |            0.856040|            14.486178|           0.079112|        15.421330
132  |*OutputRegister_register_reg[63]     |            0.381115|             0.046014|           0.086213|         0.513342
133  |*OutputRegister_register_reg[62]     |            0.381115|             0.046014|           0.086213|         0.513342
134  |*OutputRegister_register_reg[61]     |            0.380063|             0.045887|           0.086213|         0.512163
135  |*OutputRegister_register_reg[60]     |            0.380667|             0.045960|           0.086213|         0.512840
136  |*OutputRegister_register_reg[59]     |            0.380923|             0.045991|           0.086213|         0.513127
137  |*OutputRegister_register_reg[58]     |            0.381032|             0.046004|           0.086213|         0.513249
138  |*OutputRegister_register_reg[57]     |            0.381079|             0.046010|           0.086213|         0.513302
139  |*OutputRegister_register_reg[56]     |            0.381100|             0.046012|           0.086213|         0.513325
140  |*OutputRegister_register_reg[55]     |            0.381108|             0.046013|           0.086213|         0.513334
141  |*OutputRegister_register_reg[54]     |            0.381112|             0.046014|           0.086213|         0.513339
142  |*OutputRegister_register_reg[53]     |            0.381114|             0.046014|           0.086213|         0.513340
143  |*OutputRegister_register_reg[52]     |            0.381114|             0.046014|           0.086213|         0.513341
144  |*OutputRegister_register_reg[51]     |            0.381115|             0.046014|           0.086213|         0.513342
145  |*OutputRegister_register_reg[50]     |            0.381115|             0.046014|           0.086213|         0.513342
146  |*OutputRegister_register_reg[49]     |            0.381115|             0.046014|           0.086213|         0.513342
147  |*OutputRegister_register_reg[48]     |            0.381115|             0.046014|           0.086213|         0.513342
148  |*OutputRegister_register_reg[47]     |            0.381115|             0.046014|           0.086213|         0.513342
149  |*OutputRegister_register_reg[46]     |            0.381115|             0.046014|           0.086213|         0.513342
150  |*OutputRegister_register_reg[45]     |            0.381115|             0.046014|           0.086213|         0.513342
151  |*OutputRegister_register_reg[44]     |            0.381115|             0.046014|           0.086213|         0.513342
152  |*OutputRegister_register_reg[43]     |            0.381115|             0.046014|           0.086213|         0.513342
153  |*OutputRegister_register_reg[42]     |            0.381115|             0.046014|           0.086213|         0.513342
154  |*OutputRegister_register_reg[41]     |            0.381115|             0.046014|           0.086213|         0.513342
155  |*OutputRegister_register_reg[40]     |            0.381116|             0.046014|           0.086213|         0.513343
156  |*OutputRegister_register_reg[39]     |            0.381115|             0.046014|           0.086213|         0.513342
157  |*OutputRegister_register_reg[38]     |            0.381115|             0.046014|           0.086213|         0.513342
158  |*OutputRegister_register_reg[37]     |            0.381115|             0.046014|           0.086213|         0.513342
159  |*OutputRegister_register_reg[36]     |            0.381115|             0.046014|           0.086213|         0.513342
160  |*OutputRegister_register_reg[35]     |            0.381115|             0.046014|           0.086213|         0.513342
161  |*OutputRegister_register_reg[34]     |            0.381115|             0.046014|           0.086213|         0.513342
162  |*OutputRegister_register_reg[33]     |            0.381263|             0.046032|           0.086213|         0.513507
163  |*OutputRegister_register_reg[32]     |            0.381179|             0.046022|           0.086213|         0.513413
164  |*OutputRegister_register_reg[31]     |            0.381142|             0.046018|           0.086213|         0.513373
165  |*OutputRegister_register_reg[30]     |            0.381142|             0.046018|           0.086213|         0.513373
166  |*OutputRegister_register_reg[29]     |            0.381142|             0.046018|           0.086213|         0.513373
167  |*OutputRegister_register_reg[28]     |            0.381142|             0.046018|           0.086213|         0.513373
168  |*OutputRegister_register_reg[27]     |            0.381142|             0.046018|           0.086213|         0.513373
169  |*OutputRegister_register_reg[26]     |            0.381142|             0.046018|           0.086213|         0.513373
170  |*OutputRegister_register_reg[25]     |            0.381142|             0.046018|           0.086213|         0.513373
171  |*OutputRegister_register_reg[24]     |            0.381142|             0.046018|           0.086213|         0.513373
172  |*OutputRegister_register_reg[23]     |            0.381142|             0.046018|           0.086213|         0.513373
173  |*OutputRegister_register_reg[22]     |            0.381142|             0.046018|           0.086213|         0.513373
174  |*OutputRegister_register_reg[21]     |            0.381142|             0.046018|           0.086213|         0.513373
175  |*OutputRegister_register_reg[20]     |            0.381142|             0.046018|           0.086213|         0.513373
176  |*OutputRegister_register_reg[19]     |            0.381142|             0.046018|           0.086213|         0.513373
177  |*OutputRegister_register_reg[18]     |            0.381142|             0.046018|           0.086213|         0.513373
178  |*OutputRegister_register_reg[17]     |            0.381142|             0.046018|           0.086213|         0.513373
179  |*OutputRegister_register_reg[16]     |            0.381142|             0.046018|           0.086213|         0.513373
180  |*OutputRegister_register_reg[15]     |            0.381142|             0.046017|           0.086213|         0.513372
181  |*OutputRegister_register_reg[14]     |            0.381142|             0.046017|           0.086213|         0.513372
182  |*OutputRegister_register_reg[13]     |            0.381141|             0.046017|           0.086213|         0.513372
183  |*OutputRegister_register_reg[12]     |            0.381140|             0.046017|           0.086213|         0.513370
184  |*OutputRegister_register_reg[11]     |            0.381137|             0.046017|           0.086213|         0.513367
185  |*OutputRegister_register_reg[10]     |            0.381131|             0.046016|           0.086213|         0.513360
186  |*OutputRegister_register_reg[9]      |            0.381116|             0.046014|           0.086213|         0.513343
187  |*OutputRegister_register_reg[8]      |            0.381081|             0.046010|           0.086213|         0.513304
188  |*OutputRegister_register_reg[7]      |            0.381000|             0.046000|           0.086213|         0.513213
189  |*OutputRegister_register_reg[6]      |            0.380811|             0.045978|           0.086213|         0.513001
190  |*OutputRegister_register_reg[5]      |            0.380366|             0.045924|           0.086213|         0.512503
191  |*OutputRegister_register_reg[4]      |            0.379309|             0.045797|           0.086213|         0.511319
192  |*OutputRegister_register_reg[3]      |            0.377077|             0.045528|           0.086213|         0.508817
193  |*OutputRegister_register_reg[2]      |            0.370862|             0.044779|           0.086213|         0.501854
194  |*OutputRegister_register_reg[1]      |            0.347910|             0.042011|           0.086213|         0.476134
195  |*OutputRegister_register_reg[0]      |            0.294963|             0.035623|           0.086213|         0.416799
196  |*OutputRegister_dataOut_reg[63]      |            0.853477|             0.921955|           0.079112|         1.854545
197  |*OutputRegister_dataOut_reg[62]      |            0.853482|             0.927028|           0.079112|         1.859622
198  |*OutputRegister_dataOut_reg[61]      |            0.853308|             0.901750|           0.079112|         1.834170
199  |*OutputRegister_dataOut_reg[60]      |            0.853477|             0.921218|           0.079112|         1.853807
200  |*OutputRegister_dataOut_reg[59]      |            0.853476|             0.920995|           0.079112|         1.853584
201  |*OutputRegister_dataOut_reg[58]      |            0.853481|             0.926068|           0.079112|         1.858662
202  |*OutputRegister_dataOut_reg[57]      |            0.853297|             0.900790|           0.079112|         1.833200
203  |*OutputRegister_dataOut_reg[56]      |            0.853476|             0.920259|           0.079112|         1.852847
204  |*OutputRegister_dataOut_reg[55]      |            0.853476|             0.920035|           0.079112|         1.852623
205  |*OutputRegister_dataOut_reg[54]      |            0.853480|             0.925108|           0.079112|         1.857701
206  |*OutputRegister_dataOut_reg[53]      |            0.853286|             0.899830|           0.079112|         1.832229
207  |*OutputRegister_dataOut_reg[52]      |            0.853475|             0.919299|           0.079112|         1.851886
208  |*OutputRegister_dataOut_reg[51]      |            0.853474|             0.919076|           0.079112|         1.851663
209  |*OutputRegister_dataOut_reg[50]      |            0.853480|             0.924148|           0.079112|         1.856740
210  |*OutputRegister_dataOut_reg[49]      |            0.853275|             0.898871|           0.079112|         1.831258
211  |*OutputRegister_dataOut_reg[48]      |            0.853474|             0.918339|           0.079112|         1.850925
212  |*OutputRegister_dataOut_reg[47]      |            0.853474|             0.918116|           0.079112|         1.850702
213  |*OutputRegister_dataOut_reg[46]      |            0.853479|             0.923189|           0.079112|         1.855780
214  |*OutputRegister_dataOut_reg[45]      |            0.853265|             0.897911|           0.079112|         1.830288
215  |*OutputRegister_dataOut_reg[44]      |            0.853473|             0.917379|           0.079112|         1.849964
216  |*OutputRegister_dataOut_reg[43]      |            0.853473|             0.917156|           0.079112|         1.849741
217  |*OutputRegister_dataOut_reg[42]      |            0.853478|             0.922229|           0.079112|         1.854819
218  |*OutputRegister_dataOut_reg[41]      |            0.853254|             0.896951|           0.079112|         1.829317
219  |*OutputRegister_dataOut_reg[40]      |            0.853472|             0.916420|           0.079112|         1.849004
220  |*OutputRegister_dataOut_reg[39]      |            0.853471|             0.916197|           0.079112|         1.848780
221  |*OutputRegister_dataOut_reg[38]      |            0.853477|             0.921269|           0.079112|         1.853858
222  |*OutputRegister_dataOut_reg[37]      |            0.853243|             0.895991|           0.079112|         1.828346
223  |*OutputRegister_dataOut_reg[36]      |            0.853463|             0.915460|           0.079112|         1.848035
224  |*OutputRegister_dataOut_reg[35]      |            0.853460|             0.915237|           0.079112|         1.847810
225  |*OutputRegister_dataOut_reg[34]      |            0.853476|             0.920310|           0.079112|         1.852898
226  |*OutputRegister_dataOut_reg[33]      |            0.853232|             0.895032|           0.079112|         1.827376
227  |*OutputRegister_dataOut_reg[32]      |            0.853452|             0.914500|           0.079112|         1.847065
228  |*OutputRegister_dataOut_reg[31]      |            0.853450|             0.914277|           0.079112|         1.846839
229  |*OutputRegister_dataOut_reg[30]      |            0.853475|             0.919350|           0.079112|         1.851937
230  |*OutputRegister_dataOut_reg[29]      |            0.853221|             0.894072|           0.079112|         1.826406
231  |*OutputRegister_dataOut_reg[28]      |            0.853441|             0.913541|           0.079112|         1.846094
232  |*OutputRegister_dataOut_reg[27]      |            0.853439|             0.913318|           0.079112|         1.845868
233  |*OutputRegister_dataOut_reg[26]      |            0.853474|             0.918390|           0.079112|         1.850976
234  |*OutputRegister_dataOut_reg[25]      |            0.853210|             0.893112|           0.079112|         1.825435
235  |*OutputRegister_dataOut_reg[24]      |            0.853430|             0.912581|           0.079112|         1.845124
236  |*OutputRegister_dataOut_reg[23]      |            0.853428|             0.912358|           0.079112|         1.844898
237  |*OutputRegister_dataOut_reg[22]      |            0.853473|             0.917431|           0.079112|         1.850016
238  |*OutputRegister_dataOut_reg[21]      |            0.853200|             0.892153|           0.079112|         1.824464
239  |*OutputRegister_dataOut_reg[20]      |            0.853420|             0.911621|           0.079112|         1.844153
240  |*OutputRegister_dataOut_reg[19]      |            0.853417|             0.911398|           0.079112|         1.843927
241  |*OutputRegister_dataOut_reg[18]      |            0.853472|             0.916471|           0.079112|         1.849055
242  |*OutputRegister_dataOut_reg[17]      |            0.853189|             0.891193|           0.079112|         1.823494
243  |*OutputRegister_dataOut_reg[16]      |            0.853409|             0.910661|           0.079112|         1.843182
244  |*OutputRegister_dataOut_reg[15]      |            0.853406|             0.910438|           0.079112|         1.842957
245  |*OutputRegister_dataOut_reg[14]      |            0.853464|             0.915511|           0.079112|         1.848087
246  |*OutputRegister_dataOut_reg[13]      |            0.853178|             0.890233|           0.079112|         1.822523
247  |*OutputRegister_dataOut_reg[12]      |            0.853398|             0.909702|           0.079112|         1.842212
248  |*OutputRegister_dataOut_reg[11]      |            0.853395|             0.909479|           0.079112|         1.841986
249  |*OutputRegister_dataOut_reg[10]      |            0.853453|             0.914551|           0.079112|         1.847116
250  |*OutputRegister_dataOut_reg[9]       |            0.853167|             0.889273|           0.079112|         1.821553
251  |*OutputRegister_dataOut_reg[8]       |            0.853387|             0.908742|           0.079112|         1.841241
252  |*OutputRegister_dataOut_reg[7]       |            0.853384|             0.908519|           0.079112|         1.841016
253  |*OutputRegister_dataOut_reg[6]       |            0.853442|             0.913592|           0.079112|         1.846146
254  |*OutputRegister_dataOut_reg[5]       |            0.853156|             0.888314|           0.079112|         1.820582
255  |*OutputRegister_dataOut_reg[4]       |            0.853376|             0.907782|           0.079112|         1.840271
256  |*OutputRegister_dataOut_reg[3]       |            0.853374|             0.907559|           0.079112|         1.840045
257  |*OutputRegister_dataOut_reg[2]       |            0.853431|             0.912632|           0.079112|         1.845175
258  |*OutputRegister_dataOut_reg[1]       |            0.853145|             0.887354|           0.079112|         1.819612
259  |*OutputRegister_dataOut_reg[0]       |            0.853365|             0.906823|           0.079112|         1.839300
260  |*InputRegisterA_i_0_0                |            0.114297|             4.144814|           0.014353|         4.273465
261  |*InputRegisterB_i_0_0                |            0.114297|             4.144814|           0.014353|         4.273465
262  |*OutputRegister_i_0_0                |            0.081454|             8.299064|           0.014353|         8.394871
263  |*OutputRegister_i_1_0                |            0.092455|             0.000000|           0.014353|         0.106808
264  |*i_0_0_0                             |            0.346084|             0.081311|           0.035928|         0.463324
265  |*i_0_0_1                             |            0.346084|             0.081311|           0.035928|         0.463324
266  |*i_0_0_2                             |            0.346084|             0.081311|           0.035928|         0.463324
267  |*i_0_0_3                             |            0.346084|             0.081311|           0.035928|         0.463324
268  |*i_0_0_4                             |            0.346084|             0.081311|           0.035928|         0.463324
269  |*i_0_0_5                             |            0.346084|             0.081311|           0.035928|         0.463324
270  |*i_0_0_6                             |            0.346084|             0.081311|           0.035928|         0.463324
271  |*i_0_0_7                             |            0.346084|             0.081311|           0.035928|         0.463324
272  |*i_0_0_8                             |            0.346084|             0.081311|           0.035928|         0.463324
273  |*i_0_0_9                             |            0.346084|             0.081311|           0.035928|         0.463324
274  |*i_0_0_10                            |            0.346084|             0.081311|           0.035928|         0.463324
275  |*i_0_0_11                            |            0.346084|             0.081311|           0.035928|         0.463324
276  |*i_0_0_12                            |            0.346084|             0.081311|           0.035928|         0.463324
277  |*i_0_0_13                            |            0.346084|             0.081311|           0.035928|         0.463324
278  |*i_0_0_14                            |            0.346084|             0.081311|           0.035928|         0.463324
279  |*i_0_0_15                            |            0.346084|             0.081311|           0.035928|         0.463324
280  |*i_0_0_16                            |            0.346084|             0.081311|           0.035928|         0.463324
281  |*i_0_0_17                            |            0.346084|             0.081311|           0.035928|         0.463324
282  |*i_0_0_18                            |            0.346084|             0.081311|           0.035928|         0.463324
283  |*i_0_0_19                            |            0.346084|             0.081311|           0.035928|         0.463324
284  |*i_0_0_20                            |            0.346084|             0.081311|           0.035928|         0.463324
285  |*i_0_0_21                            |            0.346084|             0.081311|           0.035928|         0.463324
286  |*i_0_0_22                            |            0.346084|             0.081311|           0.035928|         0.463324
287  |*i_0_0_23                            |            0.346084|             0.081311|           0.035928|         0.463324
288  |*i_0_0_24                            |            0.346084|             0.081311|           0.035928|         0.463324
289  |*i_0_0_25                            |            0.346084|             0.081311|           0.035928|         0.463324
290  |*i_0_0_26                            |            0.346084|             0.081311|           0.035928|         0.463324
291  |*i_0_0_27                            |            0.346084|             0.081311|           0.035928|         0.463324
292  |*i_0_0_28                            |            0.346084|             0.081311|           0.035928|         0.463324
293  |*i_0_0_29                            |            0.346084|             0.081311|           0.035928|         0.463324
294  |*i_0_0_30                            |            0.346084|             0.081311|           0.035928|         0.463324
295  |*i_0_0_31                            |            0.346084|             0.081311|           0.035928|         0.463324
296  |*i_0_1_0                             |            0.345550|             0.081311|           0.035928|         0.462789
297  |*i_0_1_1                             |            0.346117|             0.081311|           0.035928|         0.463357
298  |*i_0_1_2                             |            0.346117|             0.081311|           0.035928|         0.463357
299  |*i_0_1_3                             |            0.346117|             0.081311|           0.035928|         0.463357
300  |*i_0_1_4                             |            0.346117|             0.081311|           0.035928|         0.463357
301  |*i_0_1_5                             |            0.346117|             0.081311|           0.035928|         0.463357
302  |*i_0_1_6                             |            0.346117|             0.081311|           0.035928|         0.463357
303  |*i_0_1_7                             |            0.346117|             0.081311|           0.035928|         0.463357
304  |*i_0_1_8                             |            0.346117|             0.081311|           0.035928|         0.463357
305  |*i_0_1_9                             |            0.346117|             0.081311|           0.035928|         0.463357
306  |*i_0_1_10                            |            0.346117|             0.081311|           0.035928|         0.463357
307  |*i_0_1_11                            |            0.346117|             0.081311|           0.035928|         0.463357
308  |*i_0_1_12                            |            0.346117|             0.081311|           0.035928|         0.463357
309  |*i_0_1_13                            |            0.346117|             0.081311|           0.035928|         0.463357
310  |*i_0_1_14                            |            0.346117|             0.081311|           0.035928|         0.463357
311  |*i_0_1_15                            |            0.346117|             0.081311|           0.035928|         0.463357
312  |*i_0_1_16                            |            0.346117|             0.081311|           0.035928|         0.463357
313  |*i_0_1_17                            |            0.346117|             0.081311|           0.035928|         0.463357
314  |*i_0_1_18                            |            0.346117|             0.081311|           0.035928|         0.463357
315  |*i_0_1_19                            |            0.346117|             0.081311|           0.035928|         0.463357
316  |*i_0_1_20                            |            0.346117|             0.081311|           0.035928|         0.463357
317  |*i_0_1_21                            |            0.346117|             0.081311|           0.035928|         0.463357
318  |*i_0_1_22                            |            0.346117|             0.081311|           0.035928|         0.463357
319  |*i_0_1_23                            |            0.346117|             0.081311|           0.035928|         0.463357
320  |*i_0_1_24                            |            0.346117|             0.081311|           0.035928|         0.463357
321  |*i_0_1_25                            |            0.346117|             0.081311|           0.035928|         0.463357
322  |*i_0_1_26                            |            0.346117|             0.081311|           0.035928|         0.463357
323  |*i_0_1_27                            |            0.346117|             0.081311|           0.035928|         0.463357
324  |*i_0_1_28                            |            0.346117|             0.081311|           0.035928|         0.463357
325  |*i_0_1_29                            |            0.346117|             0.081311|           0.035928|         0.463357
326  |*i_0_1_30                            |            0.346117|             0.081311|           0.035928|         0.463357
327  |*i_0_1_31                            |            0.346117|             0.081311|           0.035928|         0.463357
328  |*i_0_1_32                            |            0.343095|             0.080804|           0.035928|         0.459827
329  |*i_0_1_33                            |            0.343078|             0.080804|           0.035928|         0.459810
330  |*i_0_1_34                            |            0.342912|             0.080760|           0.035928|         0.459601
331  |*i_0_1_35                            |            0.343017|             0.080785|           0.035928|         0.459730
332  |*i_0_1_36                            |            0.343061|             0.080796|           0.035928|         0.459785
333  |*i_0_1_37                            |            0.343064|             0.080800|           0.035928|         0.459792
334  |*i_0_1_38                            |            0.343088|             0.080802|           0.035928|         0.459819
335  |*i_0_1_39                            |            0.343092|             0.080803|           0.035928|         0.459823
336  |*i_0_1_40                            |            0.343093|             0.080803|           0.035928|         0.459825
337  |*i_0_1_41                            |            0.343078|             0.080803|           0.035928|         0.459809
338  |*i_0_1_42                            |            0.343094|             0.080804|           0.035928|         0.459826
339  |*i_0_1_43                            |            0.343094|             0.080804|           0.035928|         0.459826
340  |*i_0_1_44                            |            0.343095|             0.080804|           0.035928|         0.459826
341  |*i_0_1_45                            |            0.343078|             0.080804|           0.035928|         0.459810
342  |*i_0_1_46                            |            0.343095|             0.080804|           0.035928|         0.459827
343  |*i_0_1_47                            |            0.343095|             0.080804|           0.035928|         0.459827
344  |*i_0_1_48                            |            0.343095|             0.080804|           0.035928|         0.459827
345  |*i_0_1_49                            |            0.343078|             0.080804|           0.035928|         0.459810
346  |*i_0_1_50                            |            0.343111|             0.080804|           0.035928|         0.459843
347  |*i_0_1_51                            |            0.343095|             0.080804|           0.035928|         0.459827
348  |*i_0_1_52                            |            0.343095|             0.080804|           0.035928|         0.459827
349  |*i_0_1_53                            |            0.343095|             0.080804|           0.035928|         0.459827
350  |*i_0_1_54                            |            0.343111|             0.080804|           0.035928|         0.459843
351  |*i_0_1_55                            |            0.343095|             0.080804|           0.035928|         0.459827
352  |*i_0_1_56                            |            0.343095|             0.080804|           0.035928|         0.459827
353  |*i_0_1_57                            |            0.343095|             0.080804|           0.035928|         0.459827
354  |*i_0_1_58                            |            0.343111|             0.080804|           0.035928|         0.459843
355  |*i_0_1_59                            |            0.343095|             0.080804|           0.035928|         0.459827
356  |*i_0_1_60                            |            0.343095|             0.080804|           0.035928|         0.459827
357  |*i_0_1_61                            |            0.343095|             0.080804|           0.035928|         0.459827
358  |*i_0_1_62                            |            0.343137|             0.080810|           0.035928|         0.459875
359  |*i_0_1_63                            |            0.343106|             0.080806|           0.035928|         0.459840
360  |*i_0_1_64                            |            0.343099|             0.080805|           0.035928|         0.459832
361  |*i_0_1_65                            |            0.343099|             0.080805|           0.035928|         0.459832
362  |*i_0_1_66                            |            0.343116|             0.080805|           0.035928|         0.459849
363  |*i_0_1_67                            |            0.343099|             0.080805|           0.035928|         0.459832
364  |*i_0_1_68                            |            0.343099|             0.080805|           0.035928|         0.459832
365  |*i_0_1_69                            |            0.343099|             0.080805|           0.035928|         0.459832
366  |*i_0_1_70                            |            0.343116|             0.080805|           0.035928|         0.459849
367  |*i_0_1_71                            |            0.343099|             0.080805|           0.035928|         0.459832
368  |*i_0_1_72                            |            0.343099|             0.080805|           0.035928|         0.459832
369  |*i_0_1_73                            |            0.343099|             0.080805|           0.035928|         0.459832
370  |*i_0_1_74                            |            0.343116|             0.080805|           0.035928|         0.459849
371  |*i_0_1_75                            |            0.343099|             0.080805|           0.035928|         0.459832
372  |*i_0_1_76                            |            0.343099|             0.080805|           0.035928|         0.459832
373  |*i_0_1_77                            |            0.343099|             0.080805|           0.035928|         0.459832
374  |*i_0_1_78                            |            0.343116|             0.080805|           0.035928|         0.459849
375  |*i_0_1_79                            |            0.343099|             0.080805|           0.035928|         0.459832
376  |*i_0_1_80                            |            0.343099|             0.080805|           0.035928|         0.459832
377  |*i_0_1_81                            |            0.343099|             0.080805|           0.035928|         0.459832
378  |*i_0_1_82                            |            0.343116|             0.080805|           0.035928|         0.459849
379  |*i_0_1_83                            |            0.343099|             0.080805|           0.035928|         0.459832
380  |*i_0_1_84                            |            0.343098|             0.080805|           0.035928|         0.459831
381  |*i_0_1_85                            |            0.343097|             0.080804|           0.035928|         0.459830
382  |*i_0_1_86                            |            0.343111|             0.080804|           0.035928|         0.459843
383  |*i_0_1_87                            |            0.343089|             0.080802|           0.035928|         0.459819
384  |*i_0_1_88                            |            0.343075|             0.080799|           0.035928|         0.459802
385  |*i_0_1_89                            |            0.343042|             0.080791|           0.035928|         0.459761
386  |*i_0_1_90                            |            0.342981|             0.080773|           0.035928|         0.459682
387  |*i_0_1_91                            |            0.342782|             0.080729|           0.035928|         0.459440
388  |*i_0_1_92                            |            0.342402|             0.080637|           0.035928|         0.458967
389  |*i_0_1_93                            |            0.341364|             0.080381|           0.035928|         0.457673
390  |*i_0_1_94                            |            0.337698|             0.079433|           0.035928|         0.453059
391  |*i_0_1_95                            |            0.329537|             0.077246|           0.035928|         0.442711
392  |                                     |                    |                     |                   |                 
393  |*TOTAL                               |         1557.105835|          4251.590820|         250.031021|      6058.728027
-----+-------------------------------------+--------------------+---------------------+-------------------+-----------------
