warning: No library characterized for (process = 1.00 voltage = 0.85 temperature = 25.00) can be found in the database for power domain '/PD_TOP'  [NL-174]
Report Power (instances with prefix '*' are included in total) : 
-----+--------------+--------------------+---------------------+-------------------+-----------------
     | Instance     | Internal Power(uw) | Switching Power(uw) | Leakage Power(uw) | Total Power(uw) 
-----+--------------+--------------------+---------------------+-------------------+-----------------
1    |*genblk1_0_Cba|            0.000000|             0.000000|           0.000000|         0.000000
2    |*genblk1_1_Cba|            0.000000|             0.000000|           0.000000|         0.000000
3    |*genblk1_2_Cba|            0.000000|             0.000000|           0.000000|         0.000000
4    |*genblk1_3_Cba|            0.000000|             0.000000|           0.000000|         0.000000
5    |*genblk1_4_Cba|            0.000000|             0.000000|           0.000000|         0.000000
6    |*genblk1_5_Cba|            0.000000|             0.000000|           0.000000|         0.000000
7    |*genblk1_6_Cba|            0.000000|             0.000000|           0.000000|         0.000000
8    |*genblk1_7_Cba|            0.000000|             0.000000|           0.000000|         0.000000
9    |*i_0_0_0      |            0.046804|             0.134464|           0.048314|         0.229582
10   |*i_0_0_1      |            0.056238|             0.028798|           0.014353|         0.099390
11   |*i_0_0_2      |            0.000000|             0.000000|           0.014353|         0.014353
12   |*i_0_0_3      |            0.056035|             0.030408|           0.014353|         0.100796
13   |              |                    |                     |                   |                 
14   |*TOTAL        |            0.159077|             0.193671|           0.091374|         0.444121
-----+--------------+--------------------+---------------------+-------------------+-----------------
