warning: No library characterized for (process = 1.00 voltage = 0.85 temperature = 25.00) can be found in the database for power domain '/PD_TOP'  [NL-174]
Report Power (instances with prefix '*' are included in total) : 
-----+-------------+--------------------+---------------------+-------------------+-----------------
     | Instance    | Internal Power(uw) | Switching Power(uw) | Leakage Power(uw) | Total Power(uw) 
-----+-------------+--------------------+---------------------+-------------------+-----------------
1    |*genblk1_0_F |            0.255491|             0.812859|           0.119293|         1.187643
2    |*genblk1_1_F |            0.252325|             0.806062|           0.119293|         1.177679
3    |*genblk1_2_F |            0.253059|             0.802723|           0.119293|         1.175074
4    |*genblk1_3_F |            0.253328|             0.801482|           0.119293|         1.174103
5    |*genblk1_4_F |            0.253427|             0.800912|           0.119293|         1.173631
6    |*genblk1_5_F |            0.253465|             0.800790|           0.119293|         1.173548
7    |*genblk1_6_F |            0.253478|             0.800650|           0.119293|         1.173421
8    |*genblk1_7_F |            0.253483|             0.800632|           0.119293|         1.173408
9    |*genblk1_8_F |            0.253485|             0.800554|           0.119293|         1.173331
10   |*genblk1_9_F |            0.253488|             0.800918|           0.119293|         1.173698
11   |*genblk1_10_F|            0.253488|             0.800848|           0.119293|         1.173628
12   |*genblk1_11_F|            0.253488|             0.800916|           0.119293|         1.173697
13   |*genblk1_12_F|            0.253488|             0.800847|           0.119293|         1.173628
14   |*genblk1_13_F|            0.253488|             0.800916|           0.119293|         1.173697
15   |*genblk1_14_F|            0.253488|             0.800847|           0.119293|         1.173628
16   |*genblk1_15_F|            0.253488|             0.800856|           0.119293|         1.173636
17   |*genblk1_16_F|            0.253487|             0.800787|           0.119293|         1.173567
18   |*genblk1_17_F|            0.253489|             0.801156|           0.119293|         1.173938
19   |*genblk1_18_F|            0.253489|             0.801087|           0.119293|         1.173869
20   |*genblk1_19_F|            0.253489|             0.801156|           0.119293|         1.173938
21   |*genblk1_20_F|            0.253489|             0.801087|           0.119293|         1.173869
22   |*genblk1_21_F|            0.253489|             0.801156|           0.119293|         1.173938
23   |*genblk1_22_F|            0.253489|             0.801087|           0.119293|         1.173869
24   |*genblk1_23_F|            0.253489|             0.801096|           0.119293|         1.173877
25   |*genblk1_24_F|            0.253489|             0.801027|           0.119293|         1.173809
26   |*genblk1_25_F|            0.253490|             0.801396|           0.119293|         1.174179
27   |*genblk1_26_F|            0.253490|             0.801327|           0.119293|         1.174110
28   |*genblk1_27_F|            0.253490|             0.801396|           0.119293|         1.174179
29   |*genblk1_28_F|            0.253490|             0.801327|           0.119293|         1.174110
30   |*genblk1_29_F|            0.253490|             0.801396|           0.119293|         1.174179
31   |*genblk1_30_F|            0.253490|             0.801327|           0.119293|         1.174110
32   |*genblk1_31_F|            0.251040|             1.278207|           0.119293|         1.648540
33   |*i_0_0_0     |            0.056323|             0.133448|           0.048314|         0.238086
34   |*i_0_0_1     |            0.056238|             0.028798|           0.014353|         0.099390
35   |*i_0_0_2     |            0.023877|             0.029381|           0.014353|         0.067612
36   |*i_0_0_3     |            0.056035|             0.030408|           0.014353|         0.100796
37   |             |                    |                     |                   |                 
38   |*TOTAL       |            8.301810|            26.350870|           3.908736|        38.561417
-----+-------------+--------------------+---------------------+-------------------+-----------------
