warning: No library characterized for (process = 1.00 voltage = 0.85 temperature = 25.00) can be found in the database for power domain '/PD_TOP'  [NL-174]
Report Power (instances with prefix '*' are included in total) : 
-----+--------------+--------------------+---------------------+-------------------+-----------------
     | Instance     | Internal Power(uw) | Switching Power(uw) | Leakage Power(uw) | Total Power(uw) 
-----+--------------+--------------------+---------------------+-------------------+-----------------
1    |*genblk1_1_F1 |            0.146943|             0.184454|           0.061230|         0.392627
2    |*genblk1_2_F1 |            0.146594|             0.209590|           0.061230|         0.417414
3    |*genblk1_3_F1 |            0.146594|             0.209590|           0.061230|         0.417414
4    |*genblk1_4_F1 |            0.146594|             0.209590|           0.061230|         0.417414
5    |*genblk1_5_F1 |            0.146594|             0.209590|           0.061230|         0.417414
6    |*genblk1_6_F1 |            0.146594|             0.209590|           0.061230|         0.417414
7    |*genblk1_7_F1 |            0.146594|             0.209590|           0.061230|         0.417414
8    |*genblk1_8_F1 |            0.146594|             0.209590|           0.061230|         0.417414
9    |*genblk1_9_F1 |            0.146594|             0.209590|           0.061230|         0.417414
10   |*genblk1_10_F1|            0.146594|             0.209590|           0.061230|         0.417414
11   |*genblk1_11_F1|            0.146594|             0.209590|           0.061230|         0.417414
12   |*genblk1_12_F1|            0.146594|             0.209590|           0.061230|         0.417414
13   |*genblk1_13_F1|            0.146594|             0.209590|           0.061230|         0.417414
14   |*genblk1_14_F1|            0.146594|             0.209590|           0.061230|         0.417414
15   |*genblk1_15_F1|            0.146594|             0.209590|           0.061230|         0.417414
16   |*genblk1_16_F1|            0.146594|             0.209590|           0.061230|         0.417414
17   |*genblk1_17_F1|            0.146594|             0.209590|           0.061230|         0.417414
18   |*genblk1_18_F1|            0.146594|             0.209590|           0.061230|         0.417414
19   |*genblk1_19_F1|            0.146594|             0.209590|           0.061230|         0.417414
20   |*genblk1_20_F1|            0.146594|             0.209590|           0.061230|         0.417414
21   |*genblk1_21_F1|            0.146594|             0.209590|           0.061230|         0.417414
22   |*genblk1_22_F1|            0.146594|             0.209590|           0.061230|         0.417414
23   |*genblk1_23_F1|            0.146594|             0.209590|           0.061230|         0.417414
24   |*genblk1_24_F1|            0.146594|             0.209590|           0.061230|         0.417414
25   |*genblk1_25_F1|            0.146594|             0.209590|           0.061230|         0.417414
26   |*genblk1_26_F1|            0.146594|             0.209590|           0.061230|         0.417414
27   |*genblk1_27_F1|            0.146594|             0.209590|           0.061230|         0.417414
28   |*genblk1_28_F1|            0.146594|             0.209590|           0.061230|         0.417414
29   |*genblk1_29_F1|            0.146594|             0.209590|           0.061230|         0.417414
30   |*genblk1_30_F1|            0.146594|             0.209590|           0.061230|         0.417414
31   |*genblk1_31_F1|            0.144241|             0.145406|           0.061230|         0.350877
32   |*genblk1_0_F1 |            0.256438|             0.780784|           0.119293|         1.156515
33   |*genblk2_0_F2 |            0.124729|             0.273514|           0.061230|         0.459473
34   |*genblk2_1_F2 |            0.235606|             0.662157|           0.119293|         1.017056
35   |*genblk2_2_F2 |            0.235722|             0.663139|           0.119293|         1.018154
36   |*genblk2_3_F2 |            0.235732|             0.663499|           0.119293|         1.018523
37   |*genblk2_4_F2 |            0.235736|             0.663712|           0.119293|         1.018741
38   |*genblk2_5_F2 |            0.235739|             0.663863|           0.119293|         1.018894
39   |*genblk2_6_F2 |            0.235739|             0.663838|           0.119293|         1.018870
40   |*genblk2_7_F2 |            0.235739|             0.663786|           0.119293|         1.018817
41   |*genblk2_8_F2 |            0.235741|             0.664066|           0.119293|         1.019100
42   |*genblk2_9_F2 |            0.235741|             0.664138|           0.119293|         1.019172
43   |*genblk2_10_F2|            0.235741|             0.664139|           0.119293|         1.019173
44   |*genblk2_11_F2|            0.235741|             0.664071|           0.119293|         1.019105
45   |*genblk2_12_F2|            0.235741|             0.664097|           0.119293|         1.019131
46   |*genblk2_13_F2|            0.235741|             0.664166|           0.119293|         1.019200
47   |*genblk2_14_F2|            0.235741|             0.664106|           0.119293|         1.019140
48   |*genblk2_15_F2|            0.235741|             0.664038|           0.119293|         1.019071
49   |*genblk2_16_F2|            0.235742|             0.664312|           0.119293|         1.019346
50   |*genblk2_17_F2|            0.235742|             0.664380|           0.119293|         1.019415
51   |*genblk2_18_F2|            0.235742|             0.664380|           0.119293|         1.019415
52   |*genblk2_19_F2|            0.235742|             0.664312|           0.119293|         1.019346
53   |*genblk2_20_F2|            0.235742|             0.664338|           0.119293|         1.019372
54   |*genblk2_21_F2|            0.235743|             0.664406|           0.119293|         1.019441
55   |*genblk2_22_F2|            0.235742|             0.664346|           0.119293|         1.019381
56   |*genblk2_23_F2|            0.235742|             0.664278|           0.119293|         1.019312
57   |*genblk2_24_F2|            0.235743|             0.664552|           0.119293|         1.019588
58   |*genblk2_25_F2|            0.235744|             0.664620|           0.119293|         1.019657
59   |*genblk2_26_F2|            0.235744|             0.664620|           0.119293|         1.019657
60   |*genblk2_27_F2|            0.235743|             0.664552|           0.119293|         1.019588
61   |*genblk2_28_F2|            0.235743|             0.664577|           0.119293|         1.019614
62   |*genblk2_29_F2|            0.235744|             0.664646|           0.119293|         1.019683
63   |*genblk2_30_F2|            0.236967|             1.020789|           0.119293|         1.377049
64   |*genblk2_31_F2|            0.014447|             0.039355|           0.025066|         0.078868
65   |*i_0_0_0      |            0.056328|             0.134635|           0.048314|         0.239277
66   |*i_0_0_1      |            0.056238|             0.028798|           0.014353|         0.099390
67   |*i_0_0_2      |            0.023877|             0.029381|           0.014353|         0.067612
68   |*i_0_0_3      |            0.056035|             0.030408|           0.014353|         0.100796
69   |              |                    |                     |                   |                 
70   |*TOTAL        |           12.203800|            28.004787|           5.773859|        45.982449
-----+--------------+--------------------+---------------------+-------------------+-----------------
